<!DOCTYPE html PUBLIC "-//W3C//DTD XHTML 1.1//EN" "https://www.w3.org/TR/xhtml11/DTD/xhtml11.dtd">
<html xmlns="https://www.w3.org/1999/xhtml">
<head>
<meta http-equiv="content-type" content="text/html; charset=UTF-8"/>
<title>TestNG Report</title>
<style type="text/css">table {margin-bottom:10px;border-collapse:collapse;empty-cells:show}th,td {border:1px solid #009;padding:.25em .5em}th {vertical-align:bottom}td {vertical-align:top}table a {font-weight:bold}.stripe td {background-color: #E6EBF9}.num {text-align:right}.passedodd td {background-color: #3F3}.passedeven td {background-color: #0A0}.skippedodd td {background-color: #DDD}.skippedeven td {background-color: #CCC}.failedodd td,.attn {background-color: #F33}.failedeven td,.stripe .attn {background-color: #D00}.stacktrace {white-space:pre;font-family:monospace}.totop {font-size:85%;text-align:center;border-bottom:2px solid #000}.invisible {display:none}</style>
</head>
<body>
<table>
<tr><th>Test</th><th># Passed</th><th># Skipped</th><th># Retried</th><th># Failed</th><th>Time (ms)</th><th>Included Groups</th><th>Excluded Groups</th></tr>
<tr><th colspan="8">multiBrowserTesting</th></tr>
<tr><td><a href="#t0">chromeTest</a></td><td class="num">12</td><td class="num">0</td><td class="num attn">2</td><td class="num attn">1</td><td class="num">44,811</td><td></td><td></td></tr>
<tr class="stripe"><td><a href="#t1">EdgeTest</a></td><td class="num">12</td><td class="num">0</td><td class="num attn">3</td><td class="num attn">1</td><td class="num">220,075</td><td></td><td></td></tr>
<tr><th>Total</th><th class="num">24</th><th class="num">0</th><th class="num attn">5</th><th class="num attn">2</th><th class="num">264,886</th><th colspan="2"></th></tr>
</table>
<table id='summary'><thead><tr><th>Class</th><th>Method</th><th>Start</th><th>Time (ms)</th></tr></thead><tbody><tr><th colspan="4">multiBrowserTesting</th></tr></tbody><tbody id="t0"><tr><th colspan="4">chromeTest &#8212; failed</th></tr><tr class="failedeven"><td rowspan="1">testscript.ManageNewsUpdateTest</td><td><a href="#m0">validateSaveBtnInManageNews</a></td><td rowspan="1">1757560204881</td><td rowspan="1">1376</td></tr><tr><th colspan="4">chromeTest &#8212; retried</th></tr><tr class="retriedeven"><td rowspan="2">testscript.ManageNewsUpdateTest</td><td><a href="#m1">validateSaveBtnInManageNews</a></td><td rowspan="2">1757560199326</td><td rowspan="2">1314</td></tr><tr class="retriedeven"><td><a href="#m2">validateSaveBtnInManageNews</a></td></tr><tr><th colspan="4">chromeTest &#8212; passed</th></tr><tr class="passedeven"><td rowspan="1">testscript.AdminUserTest</td><td><a href="#m3">verifyUserIsAbletoClickAdminUser</a></td><td rowspan="1">1757560235316</td><td rowspan="1">2034</td></tr><tr class="passedodd"><td rowspan="1">testscript.LogOutTest</td><td><a href="#m4">verifyUserisAbleToLout</a></td><td rowspan="1">1757560217893</td><td rowspan="1">1002</td></tr><tr class="passedeven"><td rowspan="4">testscript.LoginTest</td><td><a href="#m5">verifyUserIsAbleToLoginUsingInvalidCredentials</a></td><td rowspan="1">1757560227096</td><td rowspan="1">633</td></tr><tr class="passedeven"><td><a href="#m6">verifyUserIsAbleToLoginUsingValidCredentials</a></td><td rowspan="1">1757560229367</td><td rowspan="1">592</td></tr><tr class="passedeven"><td><a href="#m7">verifyUserIsAbletoLoginUsingInvalidPassword</a></td><td rowspan="1">1757560231404</td><td rowspan="1">531</td></tr><tr class="passedeven"><td><a href="#m8">verifyUserisAbleToLoginWithInvalidUsername</a></td><td rowspan="1">1757560233296</td><td rowspan="1">492</td></tr><tr class="passedodd"><td rowspan="1">testscript.ManageCategoryTest</td><td><a href="#m9">verifyuserIsAbleToAccessManageCategoryPage</a></td><td rowspan="1">1757560195100</td><td rowspan="1">2588</td></tr><tr class="passedeven"><td rowspan="2">testscript.ManageContactTest</td><td><a href="#m10">validateUpdateBtnInManageContact</a></td><td rowspan="1">1757560208102</td><td rowspan="1">1360</td></tr><tr class="passedeven"><td><a href="#m11">verifyUserisAbleToAccessManageContactPage</a></td><td rowspan="1">1757560211022</td><td rowspan="1">2514</td></tr><tr class="passedodd"><td rowspan="2">testscript.ManageFooterTest</td><td><a href="#m12">validateUpdatebtnInManageFooterPage</a></td><td rowspan="1">1757560220691</td><td rowspan="1">1014</td></tr><tr class="passedodd"><td><a href="#m13">verifyUserIsAbletoAccessManageFooterPage</a></td><td rowspan="1">1757560223275</td><td rowspan="1">2174</td></tr><tr class="passedeven"><td rowspan="1">testscript.ManageNewsTest</td><td><a href="#m14">verifyUserisAbleToAccessManageNewsPage</a></td><td rowspan="1">1757560214963</td><td rowspan="1">1553</td></tr></tbody>
<tbody id="t1"><tr><th colspan="4">EdgeTest &#8212; failed</th></tr><tr class="failedeven"><td rowspan="1">testscript.ManageNewsUpdateTest</td><td><a href="#m15">validateSaveBtnInManageNews</a></td><td rowspan="1">1757560253269</td><td rowspan="1">1210</td></tr><tr><th colspan="4">EdgeTest &#8212; retried</th></tr><tr class="retriedeven"><td rowspan="1">testscript.LoginTest</td><td><a href="#m16">verifyUserIsAbletoLoginUsingInvalidPassword</a></td><td rowspan="1">1757560375202</td><td rowspan="1">427</td></tr><tr class="retriedodd"><td rowspan="2">testscript.ManageNewsUpdateTest</td><td><a href="#m17">validateSaveBtnInManageNews</a></td><td rowspan="2">1757560225547</td><td rowspan="2">1741</td></tr><tr class="retriedodd"><td><a href="#m18">validateSaveBtnInManageNews</a></td></tr><tr><th colspan="4">EdgeTest &#8212; passed</th></tr><tr class="passedeven"><td rowspan="1">testscript.AdminUserTest</td><td><a href="#m19">verifyUserIsAbletoClickAdminUser</a></td><td rowspan="1">1757560410934</td><td rowspan="1">1669</td></tr><tr class="passedodd"><td rowspan="1">testscript.LogOutTest</td><td><a href="#m20">verifyUserisAbleToLout</a></td><td rowspan="1">1757560308666</td><td rowspan="1">876</td></tr><tr class="passedeven"><td rowspan="4">testscript.LoginTest</td><td><a href="#m21">verifyUserIsAbleToLoginUsingInvalidCredentials</a></td><td rowspan="1">1757560351847</td><td rowspan="1">447</td></tr><tr class="passedeven"><td><a href="#m22">verifyUserIsAbleToLoginUsingValidCredentials</a></td><td rowspan="1">1757560364768</td><td rowspan="1">563</td></tr><tr class="passedeven"><td><a href="#m23">verifyUserIsAbletoLoginUsingInvalidPassword</a></td><td rowspan="1">1757560385511</td><td rowspan="1">452</td></tr><tr class="passedeven"><td><a href="#m24">verifyUserisAbleToLoginWithInvalidUsername</a></td><td rowspan="1">1757560398307</td><td rowspan="1">442</td></tr><tr class="passedodd"><td rowspan="1">testscript.ManageCategoryTest</td><td><a href="#m25">verifyuserIsAbleToAccessManageCategoryPage</a></td><td rowspan="1">1757560208270</td><td rowspan="1">2100</td></tr><tr class="passedeven"><td rowspan="2">testscript.ManageContactTest</td><td><a href="#m26">validateUpdateBtnInManageContact</a></td><td rowspan="1">1757560267422</td><td rowspan="1">1080</td></tr><tr class="passedeven"><td><a href="#m27">verifyUserisAbleToAccessManageContactPage</a></td><td rowspan="1">1757560280212</td><td rowspan="1">2383</td></tr><tr class="passedodd"><td rowspan="2">testscript.ManageFooterTest</td><td><a href="#m28">validateUpdatebtnInManageFooterPage</a></td><td rowspan="1">1757560321262</td><td rowspan="1">1015</td></tr><tr class="passedodd"><td><a href="#m29">verifyUserIsAbletoAccessManageFooterPage</a></td><td rowspan="1">1757560336071</td><td rowspan="1">2001</td></tr><tr class="passedeven"><td rowspan="1">testscript.ManageNewsTest</td><td><a href="#m30">verifyUserisAbleToAccessManageNewsPage</a></td><td rowspan="1">1757560294621</td><td rowspan="1">1456</td></tr></tbody>
</table>
<h2>chromeTest</h2><h3 id="m0">testscript.ManageNewsUpdateTest#validateSaveBtnInManageNews</h3><table class="result"><tr><th>Exception</th></tr><tr><td><div class="stacktrace">org.openqa.selenium.StaleElementReferenceException: stale element reference: stale element not found
  (Session info: chrome=140.0.7339.81)
For documentation on this error, please visit: https://www.selenium.dev/documentation/webdriver/troubleshooting/errors#stale-element-reference-exception
Build info: version: &apos;4.33.0&apos;, revision: &apos;2c6aaad03a&apos;
System info: os.name: &apos;Windows 11&apos;, os.arch: &apos;amd64&apos;, os.version: &apos;10.0&apos;, java.version: &apos;23.0.2&apos;
Driver info: org.openqa.selenium.chrome.ChromeDriver
Command: [cfbf720e0d55bbdb8d371ef972539d36, getElementText {id=f.9C34ADB07A72E2D96A9F48D0B4CFAB53.d.528DBC2AB8607A0092FC34AB6896EEA6.e.44}]
Capabilities {acceptInsecureCerts: false, browserName: chrome, browserVersion: 140.0.7339.81, chrome: {chromedriverVersion: 140.0.7339.82 (bc93617e21c3..., userDataDir: C:\Users\user\AppData\Local...}, fedcm:accounts: true, goog:chromeOptions: {debuggerAddress: localhost:62762}, networkConnectionEnabled: false, pageLoadStrategy: normal, platformName: windows, proxy: Proxy(), se:cdp: ws://localhost:62762/devtoo..., se:cdpVersion: 140.0.7339.81, setWindowRect: true, strictFileInteractability: false, timeouts: {implicit: 0, pageLoad: 300000, script: 30000}, unhandledPromptBehavior: dismiss and notify, webauthn:extension:credBlob: true, webauthn:extension:largeBlob: true, webauthn:extension:minPinLength: true, webauthn:extension:prf: true, webauthn:virtualAuthenticators: true}
Element: [[ChromeDriver: chrome on windows (cfbf720e0d55bbdb8d371ef972539d36)] -&gt; xpath: //table[@class=&apos;table table-bordered table-hover table-sm&apos;]//tbody//tr//td[1]]
Session ID: cfbf720e0d55bbdb8d371ef972539d36
	at org.openqa.selenium.remote.ErrorCodec.decode(ErrorCodec.java:167)
	at org.openqa.selenium.remote.codec.w3c.W3CHttpResponseCodec.decode(W3CHttpResponseCodec.java:138)
	at org.openqa.selenium.remote.codec.w3c.W3CHttpResponseCodec.decode(W3CHttpResponseCodec.java:50)
	at org.openqa.selenium.remote.HttpCommandExecutor.execute(HttpCommandExecutor.java:215)
	at org.openqa.selenium.remote.service.DriverCommandExecutor.invokeExecute(DriverCommandExecutor.java:216)
	at org.openqa.selenium.remote.service.DriverCommandExecutor.execute(DriverCommandExecutor.java:174)
	at org.openqa.selenium.remote.RemoteWebDriver.execute(RemoteWebDriver.java:544)
	at org.openqa.selenium.remote.RemoteWebElement.execute(RemoteWebElement.java:223)
	at org.openqa.selenium.remote.RemoteWebElement.getText(RemoteWebElement.java:191)
	at pages.ManageNewsUpdatePage.tableSerach(ManageNewsUpdatePage.java:72)
	at testscript.ManageNewsUpdateTest.validateSaveBtnInManageNews(ManageNewsUpdateTest.java:32)
	at java.base/java.util.ArrayList.forEach(ArrayList.java:1597)
	at java.base/java.util.concurrent.FutureTask.run(FutureTask.java:317)
	at java.base/java.util.concurrent.ThreadPoolExecutor.runWorker(ThreadPoolExecutor.java:1144)
	at java.base/java.util.concurrent.ThreadPoolExecutor$Worker.run(ThreadPoolExecutor.java:642)
	at java.base/java.lang.Thread.run(Thread.java:1575)
... Removed 18 stack frames</div></td></tr></table><p class="totop"><a href="#summary">back to summary</a></p>
<h3 id="m1">testscript.ManageNewsUpdateTest#validateSaveBtnInManageNews</h3><table class="result"><tr><th>Exception</th></tr><tr><td><div class="stacktrace">org.openqa.selenium.StaleElementReferenceException: stale element reference: stale element not found
  (Session info: chrome=140.0.7339.81)
For documentation on this error, please visit: https://www.selenium.dev/documentation/webdriver/troubleshooting/errors#stale-element-reference-exception
Build info: version: &apos;4.33.0&apos;, revision: &apos;2c6aaad03a&apos;
System info: os.name: &apos;Windows 11&apos;, os.arch: &apos;amd64&apos;, os.version: &apos;10.0&apos;, java.version: &apos;23.0.2&apos;
Driver info: org.openqa.selenium.chrome.ChromeDriver
Command: [edc054fd88d51650dcb503a0a6adcbd9, getElementText {id=f.4229D1EC2DD793EA4F6EB57A10483150.d.FDDC088F9549E413D12E719C0DAA78BA.e.40}]
Capabilities {acceptInsecureCerts: false, browserName: chrome, browserVersion: 140.0.7339.81, chrome: {chromedriverVersion: 140.0.7339.82 (bc93617e21c3..., userDataDir: C:\Users\user\AppData\Local...}, fedcm:accounts: true, goog:chromeOptions: {debuggerAddress: localhost:62720}, networkConnectionEnabled: false, pageLoadStrategy: normal, platformName: windows, proxy: Proxy(), se:cdp: ws://localhost:62720/devtoo..., se:cdpVersion: 140.0.7339.81, setWindowRect: true, strictFileInteractability: false, timeouts: {implicit: 0, pageLoad: 300000, script: 30000}, unhandledPromptBehavior: dismiss and notify, webauthn:extension:credBlob: true, webauthn:extension:largeBlob: true, webauthn:extension:minPinLength: true, webauthn:extension:prf: true, webauthn:virtualAuthenticators: true}
Element: [[ChromeDriver: chrome on windows (edc054fd88d51650dcb503a0a6adcbd9)] -&gt; xpath: //table[@class=&apos;table table-bordered table-hover table-sm&apos;]//tbody//tr//td[1]]
Session ID: edc054fd88d51650dcb503a0a6adcbd9
	at org.openqa.selenium.remote.ErrorCodec.decode(ErrorCodec.java:167)
	at org.openqa.selenium.remote.codec.w3c.W3CHttpResponseCodec.decode(W3CHttpResponseCodec.java:138)
	at org.openqa.selenium.remote.codec.w3c.W3CHttpResponseCodec.decode(W3CHttpResponseCodec.java:50)
	at org.openqa.selenium.remote.HttpCommandExecutor.execute(HttpCommandExecutor.java:215)
	at org.openqa.selenium.remote.service.DriverCommandExecutor.invokeExecute(DriverCommandExecutor.java:216)
	at org.openqa.selenium.remote.service.DriverCommandExecutor.execute(DriverCommandExecutor.java:174)
	at org.openqa.selenium.remote.RemoteWebDriver.execute(RemoteWebDriver.java:544)
	at org.openqa.selenium.remote.RemoteWebElement.execute(RemoteWebElement.java:223)
	at org.openqa.selenium.remote.RemoteWebElement.getText(RemoteWebElement.java:191)
	at pages.ManageNewsUpdatePage.tableSerach(ManageNewsUpdatePage.java:72)
	at testscript.ManageNewsUpdateTest.validateSaveBtnInManageNews(ManageNewsUpdateTest.java:32)
	at java.base/java.util.ArrayList.forEach(ArrayList.java:1597)
	at java.base/java.util.concurrent.FutureTask.run(FutureTask.java:317)
	at java.base/java.util.concurrent.ThreadPoolExecutor.runWorker(ThreadPoolExecutor.java:1144)
	at java.base/java.util.concurrent.ThreadPoolExecutor$Worker.run(ThreadPoolExecutor.java:642)
	at java.base/java.lang.Thread.run(Thread.java:1575)
... Removed 18 stack frames</div></td></tr></table><p class="totop"><a href="#summary">back to summary</a></p>
<h3 id="m2">testscript.ManageNewsUpdateTest#validateSaveBtnInManageNews</h3><table class="result"><tr><th>Exception</th></tr><tr><td><div class="stacktrace">org.openqa.selenium.StaleElementReferenceException: stale element reference: stale element not found
  (Session info: chrome=140.0.7339.81)
For documentation on this error, please visit: https://www.selenium.dev/documentation/webdriver/troubleshooting/errors#stale-element-reference-exception
Build info: version: &apos;4.33.0&apos;, revision: &apos;2c6aaad03a&apos;
System info: os.name: &apos;Windows 11&apos;, os.arch: &apos;amd64&apos;, os.version: &apos;10.0&apos;, java.version: &apos;23.0.2&apos;
Driver info: org.openqa.selenium.chrome.ChromeDriver
Command: [c12ed2cff6f71bbd43c4c5c8f06caee6, getElementText {id=f.35EBDE9D1BCB7C5ECC7864A8ED8DFBD7.d.A952E7158AAFDD54834178C713C2435D.e.39}]
Capabilities {acceptInsecureCerts: false, browserName: chrome, browserVersion: 140.0.7339.81, chrome: {chromedriverVersion: 140.0.7339.82 (bc93617e21c3..., userDataDir: C:\Users\user\AppData\Local...}, fedcm:accounts: true, goog:chromeOptions: {debuggerAddress: localhost:62742}, networkConnectionEnabled: false, pageLoadStrategy: normal, platformName: windows, proxy: Proxy(), se:cdp: ws://localhost:62742/devtoo..., se:cdpVersion: 140.0.7339.81, setWindowRect: true, strictFileInteractability: false, timeouts: {implicit: 0, pageLoad: 300000, script: 30000}, unhandledPromptBehavior: dismiss and notify, webauthn:extension:credBlob: true, webauthn:extension:largeBlob: true, webauthn:extension:minPinLength: true, webauthn:extension:prf: true, webauthn:virtualAuthenticators: true}
Element: [[ChromeDriver: chrome on windows (c12ed2cff6f71bbd43c4c5c8f06caee6)] -&gt; xpath: //table[@class=&apos;table table-bordered table-hover table-sm&apos;]//tbody//tr//td[1]]
Session ID: c12ed2cff6f71bbd43c4c5c8f06caee6
	at org.openqa.selenium.remote.ErrorCodec.decode(ErrorCodec.java:167)
	at org.openqa.selenium.remote.codec.w3c.W3CHttpResponseCodec.decode(W3CHttpResponseCodec.java:138)
	at org.openqa.selenium.remote.codec.w3c.W3CHttpResponseCodec.decode(W3CHttpResponseCodec.java:50)
	at org.openqa.selenium.remote.HttpCommandExecutor.execute(HttpCommandExecutor.java:215)
	at org.openqa.selenium.remote.service.DriverCommandExecutor.invokeExecute(DriverCommandExecutor.java:216)
	at org.openqa.selenium.remote.service.DriverCommandExecutor.execute(DriverCommandExecutor.java:174)
	at org.openqa.selenium.remote.RemoteWebDriver.execute(RemoteWebDriver.java:544)
	at org.openqa.selenium.remote.RemoteWebElement.execute(RemoteWebElement.java:223)
	at org.openqa.selenium.remote.RemoteWebElement.getText(RemoteWebElement.java:191)
	at pages.ManageNewsUpdatePage.tableSerach(ManageNewsUpdatePage.java:72)
	at testscript.ManageNewsUpdateTest.validateSaveBtnInManageNews(ManageNewsUpdateTest.java:32)
	at java.base/java.util.ArrayList.forEach(ArrayList.java:1597)
	at java.base/java.util.concurrent.FutureTask.run(FutureTask.java:317)
	at java.base/java.util.concurrent.ThreadPoolExecutor.runWorker(ThreadPoolExecutor.java:1144)
	at java.base/java.util.concurrent.ThreadPoolExecutor$Worker.run(ThreadPoolExecutor.java:642)
	at java.base/java.lang.Thread.run(Thread.java:1575)
... Removed 18 stack frames</div></td></tr></table><p class="totop"><a href="#summary">back to summary</a></p>
<h3 id="m3">testscript.AdminUserTest#verifyUserIsAbletoClickAdminUser</h3><table class="result"><tr><th class="invisible"/></tr></table><p class="totop"><a href="#summary">back to summary</a></p>
<h3 id="m4">testscript.LogOutTest#verifyUserisAbleToLout</h3><table class="result"><tr><th class="invisible"/></tr></table><p class="totop"><a href="#summary">back to summary</a></p>
<h3 id="m5">testscript.LoginTest#verifyUserIsAbleToLoginUsingInvalidCredentials</h3><table class="result"><tr><th class="invisible"/></tr></table><p class="totop"><a href="#summary">back to summary</a></p>
<h3 id="m6">testscript.LoginTest#verifyUserIsAbleToLoginUsingValidCredentials</h3><table class="result"><tr><th class="invisible"/></tr></table><p class="totop"><a href="#summary">back to summary</a></p>
<h3 id="m7">testscript.LoginTest#verifyUserIsAbletoLoginUsingInvalidPassword</h3><table class="result"><tr><th class="invisible"/></tr></table><p class="totop"><a href="#summary">back to summary</a></p>
<h3 id="m8">testscript.LoginTest#verifyUserisAbleToLoginWithInvalidUsername</h3><table class="result"><tr><th class="invisible"/></tr></table><p class="totop"><a href="#summary">back to summary</a></p>
<h3 id="m9">testscript.ManageCategoryTest#verifyuserIsAbleToAccessManageCategoryPage</h3><table class="result"><tr><th class="invisible"/></tr></table><p class="totop"><a href="#summary">back to summary</a></p>
<h3 id="m10">testscript.ManageContactTest#validateUpdateBtnInManageContact</h3><table class="result"><tr><th class="invisible"/></tr></table><p class="totop"><a href="#summary">back to summary</a></p>
<h3 id="m11">testscript.ManageContactTest#verifyUserisAbleToAccessManageContactPage</h3><table class="result"><tr><th class="invisible"/></tr></table><p class="totop"><a href="#summary">back to summary</a></p>
<h3 id="m12">testscript.ManageFooterTest#validateUpdatebtnInManageFooterPage</h3><table class="result"><tr><th class="invisible"/></tr></table><p class="totop"><a href="#summary">back to summary</a></p>
<h3 id="m13">testscript.ManageFooterTest#verifyUserIsAbletoAccessManageFooterPage</h3><table class="result"><tr><th class="invisible"/></tr></table><p class="totop"><a href="#summary">back to summary</a></p>
<h3 id="m14">testscript.ManageNewsTest#verifyUserisAbleToAccessManageNewsPage</h3><table class="result"><tr><th class="invisible"/></tr></table><p class="totop"><a href="#summary">back to summary</a></p>
<h2>EdgeTest</h2><h3 id="m15">testscript.ManageNewsUpdateTest#validateSaveBtnInManageNews</h3><table class="result"><tr><th>Exception</th></tr><tr><td><div class="stacktrace">org.openqa.selenium.NoSuchElementException: no such element: Unable to locate element: {&quot;method&quot;:&quot;xpath&quot;,&quot;selector&quot;:&quot;//textarea[@id=&apos;news&apos;]&quot;}
  (Session info: MicrosoftEdge=140.0.3485.54)
For documentation on this error, please visit: https://www.selenium.dev/documentation/webdriver/troubleshooting/errors#no-such-element-exception
Build info: version: &apos;4.33.0&apos;, revision: &apos;2c6aaad03a&apos;
System info: os.name: &apos;Windows 11&apos;, os.arch: &apos;amd64&apos;, os.version: &apos;10.0&apos;, java.version: &apos;23.0.2&apos;
Driver info: org.openqa.selenium.edge.EdgeDriver
Command: [c00356c8251275ccff02e1c0749fef36, findElement {using=xpath, value=//textarea[@id=&apos;news&apos;]}]
Capabilities {acceptInsecureCerts: false, browserName: MicrosoftEdge, browserVersion: 140.0.3485.54, fedcm:accounts: true, ms:edgeOptions: {debuggerAddress: localhost:50403}, msedge: {msedgedriverVersion: 140.0.3485.54 (3cc379a8a5fb..., userDataDir: C:\Users\user\AppData\Local...}, networkConnectionEnabled: false, pageLoadStrategy: normal, platformName: windows, proxy: Proxy(), se:cdp: ws://localhost:50403/devtoo..., se:cdpVersion: 140.0.3485.54, setWindowRect: true, strictFileInteractability: false, timeouts: {implicit: 0, pageLoad: 300000, script: 30000}, unhandledPromptBehavior: dismiss and notify, webauthn:extension:credBlob: true, webauthn:extension:largeBlob: true, webauthn:extension:minPinLength: true, webauthn:extension:prf: true, webauthn:virtualAuthenticators: true}
Session ID: c00356c8251275ccff02e1c0749fef36
	at org.openqa.selenium.remote.ErrorCodec.decode(ErrorCodec.java:167)
	at org.openqa.selenium.remote.codec.w3c.W3CHttpResponseCodec.decode(W3CHttpResponseCodec.java:138)
	at org.openqa.selenium.remote.codec.w3c.W3CHttpResponseCodec.decode(W3CHttpResponseCodec.java:50)
	at org.openqa.selenium.remote.HttpCommandExecutor.execute(HttpCommandExecutor.java:215)
	at org.openqa.selenium.remote.service.DriverCommandExecutor.invokeExecute(DriverCommandExecutor.java:216)
	at org.openqa.selenium.remote.service.DriverCommandExecutor.execute(DriverCommandExecutor.java:174)
	at org.openqa.selenium.remote.RemoteWebDriver.execute(RemoteWebDriver.java:544)
	at org.openqa.selenium.remote.ElementLocation$ElementFinder$2.findElement(ElementLocation.java:165)
	at org.openqa.selenium.remote.ElementLocation.findElement(ElementLocation.java:59)
	at org.openqa.selenium.remote.RemoteWebDriver.findElement(RemoteWebDriver.java:367)
	at org.openqa.selenium.remote.RemoteWebDriver.findElement(RemoteWebDriver.java:361)
	at org.openqa.selenium.support.pagefactory.DefaultElementLocator.findElement(DefaultElementLocator.java:68)
	at org.openqa.selenium.support.pagefactory.internal.LocatingElementHandler.invoke(LocatingElementHandler.java:38)
	at jdk.proxy2/jdk.proxy2.$Proxy13.clear(Unknown Source)
	at pages.ManageNewsUpdatePage.enterTextMsg(ManageNewsUpdatePage.java:95)
	at testscript.ManageNewsUpdateTest.validateSaveBtnInManageNews(ManageNewsUpdateTest.java:32)
	at java.base/java.util.ArrayList.forEach(ArrayList.java:1597)
	at java.base/java.util.concurrent.FutureTask.run(FutureTask.java:317)
	at java.base/java.util.concurrent.ThreadPoolExecutor.runWorker(ThreadPoolExecutor.java:1144)
	at java.base/java.util.concurrent.ThreadPoolExecutor$Worker.run(ThreadPoolExecutor.java:642)
	at java.base/java.lang.Thread.run(Thread.java:1575)
... Removed 18 stack frames</div></td></tr></table><p class="totop"><a href="#summary">back to summary</a></p>
<h3 id="m16">testscript.LoginTest#verifyUserIsAbletoLoginUsingInvalidPassword</h3><table class="result"><tr><th>Exception</th></tr><tr><td><div class="stacktrace">org.openqa.selenium.NoSuchElementException: no such element: Unable to locate element: {&quot;method&quot;:&quot;xpath&quot;,&quot;selector&quot;:&quot;//div[@class=&apos;alert alert-danger alert-dismissible&apos;]&quot;}
  (Session info: MicrosoftEdge=140.0.3485.54)
For documentation on this error, please visit: https://www.selenium.dev/documentation/webdriver/troubleshooting/errors#no-such-element-exception
Build info: version: &apos;4.33.0&apos;, revision: &apos;2c6aaad03a&apos;
System info: os.name: &apos;Windows 11&apos;, os.arch: &apos;amd64&apos;, os.version: &apos;10.0&apos;, java.version: &apos;23.0.2&apos;
Driver info: org.openqa.selenium.edge.EdgeDriver
Command: [240d20948979f133f1d873bf143b30e3, findElement {using=xpath, value=//div[@class=&apos;alert alert-danger alert-dismissible&apos;]}]
Capabilities {acceptInsecureCerts: false, browserName: MicrosoftEdge, browserVersion: 140.0.3485.54, fedcm:accounts: true, ms:edgeOptions: {debuggerAddress: localhost:50696}, msedge: {msedgedriverVersion: 140.0.3485.54 (3cc379a8a5fb..., userDataDir: C:\Users\user\AppData\Local...}, networkConnectionEnabled: false, pageLoadStrategy: normal, platformName: windows, proxy: Proxy(), se:cdp: ws://localhost:50696/devtoo..., se:cdpVersion: 140.0.3485.54, setWindowRect: true, strictFileInteractability: false, timeouts: {implicit: 0, pageLoad: 300000, script: 30000}, unhandledPromptBehavior: dismiss and notify, webauthn:extension:credBlob: true, webauthn:extension:largeBlob: true, webauthn:extension:minPinLength: true, webauthn:extension:prf: true, webauthn:virtualAuthenticators: true}
Session ID: 240d20948979f133f1d873bf143b30e3
	at org.openqa.selenium.remote.ErrorCodec.decode(ErrorCodec.java:167)
	at org.openqa.selenium.remote.codec.w3c.W3CHttpResponseCodec.decode(W3CHttpResponseCodec.java:138)
	at org.openqa.selenium.remote.codec.w3c.W3CHttpResponseCodec.decode(W3CHttpResponseCodec.java:50)
	at org.openqa.selenium.remote.HttpCommandExecutor.execute(HttpCommandExecutor.java:215)
	at org.openqa.selenium.remote.service.DriverCommandExecutor.invokeExecute(DriverCommandExecutor.java:216)
	at org.openqa.selenium.remote.service.DriverCommandExecutor.execute(DriverCommandExecutor.java:174)
	at org.openqa.selenium.remote.RemoteWebDriver.execute(RemoteWebDriver.java:544)
	at org.openqa.selenium.remote.ElementLocation$ElementFinder$2.findElement(ElementLocation.java:165)
	at org.openqa.selenium.remote.ElementLocation.findElement(ElementLocation.java:59)
	at org.openqa.selenium.remote.RemoteWebDriver.findElement(RemoteWebDriver.java:367)
	at org.openqa.selenium.remote.RemoteWebDriver.findElement(RemoteWebDriver.java:361)
	at org.openqa.selenium.support.pagefactory.DefaultElementLocator.findElement(DefaultElementLocator.java:68)
	at org.openqa.selenium.support.pagefactory.internal.LocatingElementHandler.invoke(LocatingElementHandler.java:38)
	at jdk.proxy2/jdk.proxy2.$Proxy13.isDisplayed(Unknown Source)
	at pages.LoginPage.isAlertmessageDisplayed(LoginPage.java:52)
	at testscript.LoginTest.verifyUserIsAbletoLoginUsingInvalidPassword(LoginTest.java:66)
	at java.base/java.util.ArrayList.forEach(ArrayList.java:1597)
	at java.base/java.util.concurrent.FutureTask.run(FutureTask.java:317)
	at java.base/java.util.concurrent.ThreadPoolExecutor.runWorker(ThreadPoolExecutor.java:1144)
	at java.base/java.util.concurrent.ThreadPoolExecutor$Worker.run(ThreadPoolExecutor.java:642)
	at java.base/java.lang.Thread.run(Thread.java:1575)
... Removed 18 stack frames</div></td></tr></table><p class="totop"><a href="#summary">back to summary</a></p>
<h3 id="m17">testscript.ManageNewsUpdateTest#validateSaveBtnInManageNews</h3><table class="result"><tr><th>Exception</th></tr><tr><td><div class="stacktrace">org.openqa.selenium.NoSuchElementException: no such element: Unable to locate element: {&quot;method&quot;:&quot;xpath&quot;,&quot;selector&quot;:&quot;//textarea[@id=&apos;news&apos;]&quot;}
  (Session info: MicrosoftEdge=140.0.3485.54)
For documentation on this error, please visit: https://www.selenium.dev/documentation/webdriver/troubleshooting/errors#no-such-element-exception
Build info: version: &apos;4.33.0&apos;, revision: &apos;2c6aaad03a&apos;
System info: os.name: &apos;Windows 11&apos;, os.arch: &apos;amd64&apos;, os.version: &apos;10.0&apos;, java.version: &apos;23.0.2&apos;
Driver info: org.openqa.selenium.edge.EdgeDriver
Command: [201ae26df736a83733fcfb6f130397af, findElement {using=xpath, value=//textarea[@id=&apos;news&apos;]}]
Capabilities {acceptInsecureCerts: false, browserName: MicrosoftEdge, browserVersion: 140.0.3485.54, fedcm:accounts: true, ms:edgeOptions: {debuggerAddress: localhost:62932}, msedge: {msedgedriverVersion: 140.0.3485.54 (3cc379a8a5fb..., userDataDir: C:\Users\user\AppData\Local...}, networkConnectionEnabled: false, pageLoadStrategy: normal, platformName: windows, proxy: Proxy(), se:cdp: ws://localhost:62932/devtoo..., se:cdpVersion: 140.0.3485.54, setWindowRect: true, strictFileInteractability: false, timeouts: {implicit: 0, pageLoad: 300000, script: 30000}, unhandledPromptBehavior: dismiss and notify, webauthn:extension:credBlob: true, webauthn:extension:largeBlob: true, webauthn:extension:minPinLength: true, webauthn:extension:prf: true, webauthn:virtualAuthenticators: true}
Session ID: 201ae26df736a83733fcfb6f130397af
	at org.openqa.selenium.remote.ErrorCodec.decode(ErrorCodec.java:167)
	at org.openqa.selenium.remote.codec.w3c.W3CHttpResponseCodec.decode(W3CHttpResponseCodec.java:138)
	at org.openqa.selenium.remote.codec.w3c.W3CHttpResponseCodec.decode(W3CHttpResponseCodec.java:50)
	at org.openqa.selenium.remote.HttpCommandExecutor.execute(HttpCommandExecutor.java:215)
	at org.openqa.selenium.remote.service.DriverCommandExecutor.invokeExecute(DriverCommandExecutor.java:216)
	at org.openqa.selenium.remote.service.DriverCommandExecutor.execute(DriverCommandExecutor.java:174)
	at org.openqa.selenium.remote.RemoteWebDriver.execute(RemoteWebDriver.java:544)
	at org.openqa.selenium.remote.ElementLocation$ElementFinder$2.findElement(ElementLocation.java:165)
	at org.openqa.selenium.remote.ElementLocation.findElement(ElementLocation.java:59)
	at org.openqa.selenium.remote.RemoteWebDriver.findElement(RemoteWebDriver.java:367)
	at org.openqa.selenium.remote.RemoteWebDriver.findElement(RemoteWebDriver.java:361)
	at org.openqa.selenium.support.pagefactory.DefaultElementLocator.findElement(DefaultElementLocator.java:68)
	at org.openqa.selenium.support.pagefactory.internal.LocatingElementHandler.invoke(LocatingElementHandler.java:38)
	at jdk.proxy2/jdk.proxy2.$Proxy13.clear(Unknown Source)
	at pages.ManageNewsUpdatePage.enterTextMsg(ManageNewsUpdatePage.java:95)
	at testscript.ManageNewsUpdateTest.validateSaveBtnInManageNews(ManageNewsUpdateTest.java:32)
	at java.base/java.util.ArrayList.forEach(ArrayList.java:1597)
	at java.base/java.util.concurrent.FutureTask.run(FutureTask.java:317)
	at java.base/java.util.concurrent.ThreadPoolExecutor.runWorker(ThreadPoolExecutor.java:1144)
	at java.base/java.util.concurrent.ThreadPoolExecutor$Worker.run(ThreadPoolExecutor.java:642)
	at java.base/java.lang.Thread.run(Thread.java:1575)
... Removed 18 stack frames</div></td></tr></table><p class="totop"><a href="#summary">back to summary</a></p>
<h3 id="m18">testscript.ManageNewsUpdateTest#validateSaveBtnInManageNews</h3><table class="result"><tr><th>Exception</th></tr><tr><td><div class="stacktrace">org.openqa.selenium.StaleElementReferenceException: stale element reference: stale element not found
  (Session info: MicrosoftEdge=140.0.3485.54)
For documentation on this error, please visit: https://www.selenium.dev/documentation/webdriver/troubleshooting/errors#stale-element-reference-exception
Build info: version: &apos;4.33.0&apos;, revision: &apos;2c6aaad03a&apos;
System info: os.name: &apos;Windows 11&apos;, os.arch: &apos;amd64&apos;, os.version: &apos;10.0&apos;, java.version: &apos;23.0.2&apos;
Driver info: org.openqa.selenium.edge.EdgeDriver
Command: [8cc797123185ec8e4c6d85e94f193ea8, getElementText {id=f.F517D052A663A0E309ECE7952D7B8939.d.42BA4EC3F72E6C725BD6BDBD45B20A40.e.45}]
Capabilities {acceptInsecureCerts: false, browserName: MicrosoftEdge, browserVersion: 140.0.3485.54, fedcm:accounts: true, ms:edgeOptions: {debuggerAddress: localhost:63061}, msedge: {msedgedriverVersion: 140.0.3485.54 (3cc379a8a5fb..., userDataDir: C:\Users\user\AppData\Local...}, networkConnectionEnabled: false, pageLoadStrategy: normal, platformName: windows, proxy: Proxy(), se:cdp: ws://localhost:63061/devtoo..., se:cdpVersion: 140.0.3485.54, setWindowRect: true, strictFileInteractability: false, timeouts: {implicit: 0, pageLoad: 300000, script: 30000}, unhandledPromptBehavior: dismiss and notify, webauthn:extension:credBlob: true, webauthn:extension:largeBlob: true, webauthn:extension:minPinLength: true, webauthn:extension:prf: true, webauthn:virtualAuthenticators: true}
Element: [[EdgeDriver: MicrosoftEdge on windows (8cc797123185ec8e4c6d85e94f193ea8)] -&gt; xpath: //table[@class=&apos;table table-bordered table-hover table-sm&apos;]//tbody//tr//td[1]]
Session ID: 8cc797123185ec8e4c6d85e94f193ea8
	at org.openqa.selenium.remote.ErrorCodec.decode(ErrorCodec.java:167)
	at org.openqa.selenium.remote.codec.w3c.W3CHttpResponseCodec.decode(W3CHttpResponseCodec.java:138)
	at org.openqa.selenium.remote.codec.w3c.W3CHttpResponseCodec.decode(W3CHttpResponseCodec.java:50)
	at org.openqa.selenium.remote.HttpCommandExecutor.execute(HttpCommandExecutor.java:215)
	at org.openqa.selenium.remote.service.DriverCommandExecutor.invokeExecute(DriverCommandExecutor.java:216)
	at org.openqa.selenium.remote.service.DriverCommandExecutor.execute(DriverCommandExecutor.java:174)
	at org.openqa.selenium.remote.RemoteWebDriver.execute(RemoteWebDriver.java:544)
	at org.openqa.selenium.remote.RemoteWebElement.execute(RemoteWebElement.java:223)
	at org.openqa.selenium.remote.RemoteWebElement.getText(RemoteWebElement.java:191)
	at pages.ManageNewsUpdatePage.tableSerach(ManageNewsUpdatePage.java:72)
	at testscript.ManageNewsUpdateTest.validateSaveBtnInManageNews(ManageNewsUpdateTest.java:32)
	at java.base/java.util.ArrayList.forEach(ArrayList.java:1597)
	at java.base/java.util.concurrent.FutureTask.run(FutureTask.java:317)
	at java.base/java.util.concurrent.ThreadPoolExecutor.runWorker(ThreadPoolExecutor.java:1144)
	at java.base/java.util.concurrent.ThreadPoolExecutor$Worker.run(ThreadPoolExecutor.java:642)
	at java.base/java.lang.Thread.run(Thread.java:1575)
... Removed 18 stack frames</div></td></tr></table><p class="totop"><a href="#summary">back to summary</a></p>
<h3 id="m19">testscript.AdminUserTest#verifyUserIsAbletoClickAdminUser</h3><table class="result"><tr><th class="invisible"/></tr></table><p class="totop"><a href="#summary">back to summary</a></p>
<h3 id="m20">testscript.LogOutTest#verifyUserisAbleToLout</h3><table class="result"><tr><th class="invisible"/></tr></table><p class="totop"><a href="#summary">back to summary</a></p>
<h3 id="m21">testscript.LoginTest#verifyUserIsAbleToLoginUsingInvalidCredentials</h3><table class="result"><tr><th class="invisible"/></tr></table><p class="totop"><a href="#summary">back to summary</a></p>
<h3 id="m22">testscript.LoginTest#verifyUserIsAbleToLoginUsingValidCredentials</h3><table class="result"><tr><th class="invisible"/></tr></table><p class="totop"><a href="#summary">back to summary</a></p>
<h3 id="m23">testscript.LoginTest#verifyUserIsAbletoLoginUsingInvalidPassword</h3><table class="result"><tr><th class="invisible"/></tr></table><p class="totop"><a href="#summary">back to summary</a></p>
<h3 id="m24">testscript.LoginTest#verifyUserisAbleToLoginWithInvalidUsername</h3><table class="result"><tr><th class="invisible"/></tr></table><p class="totop"><a href="#summary">back to summary</a></p>
<h3 id="m25">testscript.ManageCategoryTest#verifyuserIsAbleToAccessManageCategoryPage</h3><table class="result"><tr><th class="invisible"/></tr></table><p class="totop"><a href="#summary">back to summary</a></p>
<h3 id="m26">testscript.ManageContactTest#validateUpdateBtnInManageContact</h3><table class="result"><tr><th class="invisible"/></tr></table><p class="totop"><a href="#summary">back to summary</a></p>
<h3 id="m27">testscript.ManageContactTest#verifyUserisAbleToAccessManageContactPage</h3><table class="result"><tr><th class="invisible"/></tr></table><p class="totop"><a href="#summary">back to summary</a></p>
<h3 id="m28">testscript.ManageFooterTest#validateUpdatebtnInManageFooterPage</h3><table class="result"><tr><th class="invisible"/></tr></table><p class="totop"><a href="#summary">back to summary</a></p>
<h3 id="m29">testscript.ManageFooterTest#verifyUserIsAbletoAccessManageFooterPage</h3><table class="result"><tr><th class="invisible"/></tr></table><p class="totop"><a href="#summary">back to summary</a></p>
<h3 id="m30">testscript.ManageNewsTest#verifyUserisAbleToAccessManageNewsPage</h3><table class="result"><tr><th class="invisible"/></tr></table><p class="totop"><a href="#summary">back to summary</a></p>
</body>
</html>
