<!DOCTYPE html>

<html>
  <head>
  <meta charset='utf-8'>
  <title>TestNG reports</title>

    <link type="text/css" href="testng-reports1.css" rel="stylesheet" id="ultra" />
    <link type="text/css" href="testng-reports.css" rel="stylesheet" id="retro" disabled="false"/>
    <script type="text/javascript" src="jquery-3.6.0.min.js"></script>
    <script type="text/javascript" src="testng-reports.js"></script>
    <script type="text/javascript" src="https://www.google.com/jsapi"></script>
    <script type='text/javascript'>
      google.load('visualization', '1', {packages:['table']});
      google.setOnLoadCallback(drawTable);
      var suiteTableInitFunctions = new Array();
      var suiteTableData = new Array();
    </script>
    <!--
      <script type="text/javascript" src="jquery-ui/js/jquery-ui-1.8.16.custom.min.js"></script>
     -->
  </head>

  <body>    <div class="top-banner-root">
      <span class="top-banner-title-font">Test results</span>
      <button id="button" class="button">Switch Retro Theme</button> <!-- button -->
      <br/>
      <span class="top-banner-font-1">1 suite, 2 failed tests</span>
    </div> <!-- top-banner-root -->
    <div class="navigator-root">
      <div class="navigator-suite-header">
        <span>All suites</span>
        <a href="#" title="Collapse/expand all the suites" class="collapse-all-link">
          <img src="collapseall.gif" class="collapse-all-icon">
          </img> <!-- collapse-all-icon -->
        </a> <!-- collapse-all-link -->
      </div> <!-- navigator-suite-header -->
      <div class="suite">
        <div class="rounded-window">
          <div class="suite-header light-rounded-window-top">
            <a href="#" panel-name="suite-multiBrowserTesting" class="navigator-link">
              <span class="suite-name border-failed">multiBrowserTesting</span>
            </a> <!-- navigator-link -->
          </div> <!-- suite-header light-rounded-window-top -->
          <div class="navigator-suite-content">
            <div class="suite-section-title">
              <span>Info</span>
            </div> <!-- suite-section-title -->
            <div class="suite-section-content">
              <ul>
                <li>
                  <a href="#" panel-name="test-xml-multiBrowserTesting" class="navigator-link ">
                    <span>C:\Users\user\git\7rSupermarketProject_Repo\GrocerySupermartApplication_Project\multiBrowserTesting.xml</span>
                  </a> <!-- navigator-link  -->
                </li>
                <li>
                  <a href="#" panel-name="testlist-multiBrowserTesting" class="navigator-link ">
                    <span class="test-stats">2 tests</span>
                  </a> <!-- navigator-link  -->
                </li>
                <li>
                  <a href="#" panel-name="group-multiBrowserTesting" class="navigator-link ">
                    <span>1 group</span>
                  </a> <!-- navigator-link  -->
                </li>
                <li>
                  <a href="#" panel-name="times-multiBrowserTesting" class="navigator-link ">
                    <span>Times</span>
                  </a> <!-- navigator-link  -->
                </li>
                <li>
                  <a href="#" panel-name="reporter-multiBrowserTesting" class="navigator-link ">
                    <span>Reporter output</span>
                  </a> <!-- navigator-link  -->
                </li>
                <li>
                  <a href="#" panel-name="ignored-methods-multiBrowserTesting" class="navigator-link ">
                    <span>Ignored methods</span>
                  </a> <!-- navigator-link  -->
                </li>
                <li>
                  <a href="#" panel-name="chronological-multiBrowserTesting" class="navigator-link ">
                    <span>Chronological view</span>
                  </a> <!-- navigator-link  -->
                </li>
              </ul>
            </div> <!-- suite-section-content -->
            <div class="result-section">
              <div class="suite-section-title">
                <span>Results</span>
              </div> <!-- suite-section-title -->
              <div class="suite-section-content">
                <ul>
                  <li>
                    <span class="method-stats">31 methods, 2 failed,  5 skipped,  24 passed</span>
                  </li>
                  <li>
                    <span class="method-list-title failed">Failed methods</span>
                    <span class="show-or-hide-methods failed">
                      <a href="#" panel-name="suite-multiBrowserTesting" class="hide-methods failed suite-multiBrowserTesting"> (hide)</a> <!-- hide-methods failed suite-multiBrowserTesting -->
                      <a href="#" panel-name="suite-multiBrowserTesting" class="show-methods failed suite-multiBrowserTesting"> (show)</a> <!-- show-methods failed suite-multiBrowserTesting -->
                    </span>
                    <div class="method-list-content failed suite-multiBrowserTesting">
                      <span>
                        <img src="failed.png" width="3%"/>
                        <a href="#" panel-name="suite-multiBrowserTesting" title="testscript.ManageNewsUpdateTest" class="method navigator-link" hash-for-method="validateSaveBtnInManageNews">validateSaveBtnInManageNews</a> <!-- method navigator-link -->
                      </span>
                      <br/>
                      <span>
                        <img src="failed.png" width="3%"/>
                        <a href="#" panel-name="suite-multiBrowserTesting" title="testscript.ManageNewsUpdateTest" class="method navigator-link" hash-for-method="validateSaveBtnInManageNews">validateSaveBtnInManageNews</a> <!-- method navigator-link -->
                      </span>
                      <br/>
                    </div> <!-- method-list-content failed suite-multiBrowserTesting -->
                  </li>
                  <li>
                    <span class="method-list-title skipped">Retried methods</span>
                    <span class="show-or-hide-methods skipped">
                      <a href="#" panel-name="suite-multiBrowserTesting" class="hide-methods skipped suite-multiBrowserTesting"> (hide)</a> <!-- hide-methods skipped suite-multiBrowserTesting -->
                      <a href="#" panel-name="suite-multiBrowserTesting" class="show-methods skipped suite-multiBrowserTesting"> (show)</a> <!-- show-methods skipped suite-multiBrowserTesting -->
                    </span>
                    <div class="method-list-content skipped suite-multiBrowserTesting">
                      <span>
                        <img src="skipped.png" width="3%"/>
                        <a href="#" panel-name="suite-multiBrowserTesting" title="testscript.ManageNewsUpdateTest" class="method navigator-link" hash-for-method="validateSaveBtnInManageNews">validateSaveBtnInManageNews</a> <!-- method navigator-link -->
                      </span>
                      <br/>
                      <span>
                        <img src="skipped.png" width="3%"/>
                        <a href="#" panel-name="suite-multiBrowserTesting" title="testscript.ManageNewsUpdateTest" class="method navigator-link" hash-for-method="validateSaveBtnInManageNews">validateSaveBtnInManageNews</a> <!-- method navigator-link -->
                      </span>
                      <br/>
                      <span>
                        <img src="skipped.png" width="3%"/>
                        <a href="#" panel-name="suite-multiBrowserTesting" title="testscript.ManageNewsUpdateTest" class="method navigator-link" hash-for-method="validateSaveBtnInManageNews">validateSaveBtnInManageNews</a> <!-- method navigator-link -->
                      </span>
                      <br/>
                      <span>
                        <img src="skipped.png" width="3%"/>
                        <a href="#" panel-name="suite-multiBrowserTesting" title="testscript.ManageNewsUpdateTest" class="method navigator-link" hash-for-method="validateSaveBtnInManageNews">validateSaveBtnInManageNews</a> <!-- method navigator-link -->
                      </span>
                      <br/>
                      <span>
                        <img src="skipped.png" width="3%"/>
                        <a href="#" panel-name="suite-multiBrowserTesting" title="testscript.LoginTest" class="method navigator-link" hash-for-method="verifyUserIsAbletoLoginUsingInvalidPassword">verifyUserIsAbletoLoginUsingInvalidPassword</a> <!-- method navigator-link -->
                      </span>
                      <br/>
                    </div> <!-- method-list-content skipped suite-multiBrowserTesting -->
                  </li>
                  <li>
                    <span class="method-list-title passed">Passed methods</span>
                    <span class="show-or-hide-methods passed">
                      <a href="#" panel-name="suite-multiBrowserTesting" class="hide-methods passed suite-multiBrowserTesting"> (hide)</a> <!-- hide-methods passed suite-multiBrowserTesting -->
                      <a href="#" panel-name="suite-multiBrowserTesting" class="show-methods passed suite-multiBrowserTesting"> (show)</a> <!-- show-methods passed suite-multiBrowserTesting -->
                    </span>
                    <div class="method-list-content passed suite-multiBrowserTesting">
                      <span>
                        <img src="passed.png" width="3%"/>
                        <a href="#" panel-name="suite-multiBrowserTesting" title="testscript.ManageContactTest" class="method navigator-link" hash-for-method="validateUpdateBtnInManageContact">validateUpdateBtnInManageContact</a> <!-- method navigator-link -->
                      </span>
                      <br/>
                      <span>
                        <img src="passed.png" width="3%"/>
                        <a href="#" panel-name="suite-multiBrowserTesting" title="testscript.ManageContactTest" class="method navigator-link" hash-for-method="validateUpdateBtnInManageContact">validateUpdateBtnInManageContact</a> <!-- method navigator-link -->
                      </span>
                      <br/>
                      <span>
                        <img src="passed.png" width="3%"/>
                        <a href="#" panel-name="suite-multiBrowserTesting" title="testscript.ManageFooterTest" class="method navigator-link" hash-for-method="validateUpdatebtnInManageFooterPage">validateUpdatebtnInManageFooterPage</a> <!-- method navigator-link -->
                      </span>
                      <br/>
                      <span>
                        <img src="passed.png" width="3%"/>
                        <a href="#" panel-name="suite-multiBrowserTesting" title="testscript.ManageFooterTest" class="method navigator-link" hash-for-method="validateUpdatebtnInManageFooterPage">validateUpdatebtnInManageFooterPage</a> <!-- method navigator-link -->
                      </span>
                      <br/>
                      <span>
                        <img src="passed.png" width="3%"/>
                        <a href="#" panel-name="suite-multiBrowserTesting" title="testscript.LoginTest" class="method navigator-link" hash-for-method="verifyUserIsAbleToLoginUsingInvalidCredentials">verifyUserIsAbleToLoginUsingInvalidCredentials</a> <!-- method navigator-link -->
                      </span>
                      <br/>
                      <span>
                        <img src="passed.png" width="3%"/>
                        <a href="#" panel-name="suite-multiBrowserTesting" title="testscript.LoginTest" class="method navigator-link" hash-for-method="verifyUserIsAbleToLoginUsingInvalidCredentials">verifyUserIsAbleToLoginUsingInvalidCredentials</a> <!-- method navigator-link -->
                      </span>
                      <br/>
                      <span>
                        <img src="passed.png" width="3%"/>
                        <a href="#" panel-name="suite-multiBrowserTesting" title="testscript.LoginTest" class="method navigator-link" hash-for-method="verifyUserIsAbleToLoginUsingValidCredentials">verifyUserIsAbleToLoginUsingValidCredentials</a> <!-- method navigator-link -->
                      </span>
                      <br/>
                      <span>
                        <img src="passed.png" width="3%"/>
                        <a href="#" panel-name="suite-multiBrowserTesting" title="testscript.LoginTest" class="method navigator-link" hash-for-method="verifyUserIsAbleToLoginUsingValidCredentials">verifyUserIsAbleToLoginUsingValidCredentials</a> <!-- method navigator-link -->
                      </span>
                      <br/>
                      <span>
                        <img src="passed.png" width="3%"/>
                        <a href="#" panel-name="suite-multiBrowserTesting" title="testscript.ManageFooterTest" class="method navigator-link" hash-for-method="verifyUserIsAbletoAccessManageFooterPage">verifyUserIsAbletoAccessManageFooterPage</a> <!-- method navigator-link -->
                      </span>
                      <br/>
                      <span>
                        <img src="passed.png" width="3%"/>
                        <a href="#" panel-name="suite-multiBrowserTesting" title="testscript.ManageFooterTest" class="method navigator-link" hash-for-method="verifyUserIsAbletoAccessManageFooterPage">verifyUserIsAbletoAccessManageFooterPage</a> <!-- method navigator-link -->
                      </span>
                      <br/>
                      <span>
                        <img src="passed.png" width="3%"/>
                        <a href="#" panel-name="suite-multiBrowserTesting" title="testscript.AdminUserTest" class="method navigator-link" hash-for-method="verifyUserIsAbletoClickAdminUser">verifyUserIsAbletoClickAdminUser</a> <!-- method navigator-link -->
                      </span>
                      <br/>
                      <span>
                        <img src="passed.png" width="3%"/>
                        <a href="#" panel-name="suite-multiBrowserTesting" title="testscript.AdminUserTest" class="method navigator-link" hash-for-method="verifyUserIsAbletoClickAdminUser">verifyUserIsAbletoClickAdminUser</a> <!-- method navigator-link -->
                      </span>
                      <br/>
                      <span>
                        <img src="passed.png" width="3%"/>
                        <a href="#" panel-name="suite-multiBrowserTesting" title="testscript.LoginTest" class="method navigator-link" hash-for-method="verifyUserIsAbletoLoginUsingInvalidPassword">verifyUserIsAbletoLoginUsingInvalidPassword</a> <!-- method navigator-link -->
                      </span>
                      <br/>
                      <span>
                        <img src="passed.png" width="3%"/>
                        <a href="#" panel-name="suite-multiBrowserTesting" title="testscript.LoginTest" class="method navigator-link" hash-for-method="verifyUserIsAbletoLoginUsingInvalidPassword">verifyUserIsAbletoLoginUsingInvalidPassword</a> <!-- method navigator-link -->
                      </span>
                      <br/>
                      <span>
                        <img src="passed.png" width="3%"/>
                        <a href="#" panel-name="suite-multiBrowserTesting" title="testscript.ManageContactTest" class="method navigator-link" hash-for-method="verifyUserisAbleToAccessManageContactPage">verifyUserisAbleToAccessManageContactPage</a> <!-- method navigator-link -->
                      </span>
                      <br/>
                      <span>
                        <img src="passed.png" width="3%"/>
                        <a href="#" panel-name="suite-multiBrowserTesting" title="testscript.ManageContactTest" class="method navigator-link" hash-for-method="verifyUserisAbleToAccessManageContactPage">verifyUserisAbleToAccessManageContactPage</a> <!-- method navigator-link -->
                      </span>
                      <br/>
                      <span>
                        <img src="passed.png" width="3%"/>
                        <a href="#" panel-name="suite-multiBrowserTesting" title="testscript.ManageNewsTest" class="method navigator-link" hash-for-method="verifyUserisAbleToAccessManageNewsPage">verifyUserisAbleToAccessManageNewsPage</a> <!-- method navigator-link -->
                      </span>
                      <br/>
                      <span>
                        <img src="passed.png" width="3%"/>
                        <a href="#" panel-name="suite-multiBrowserTesting" title="testscript.ManageNewsTest" class="method navigator-link" hash-for-method="verifyUserisAbleToAccessManageNewsPage">verifyUserisAbleToAccessManageNewsPage</a> <!-- method navigator-link -->
                      </span>
                      <br/>
                      <span>
                        <img src="passed.png" width="3%"/>
                        <a href="#" panel-name="suite-multiBrowserTesting" title="testscript.LoginTest" class="method navigator-link" hash-for-method="verifyUserisAbleToLoginWithInvalidUsername">verifyUserisAbleToLoginWithInvalidUsername</a> <!-- method navigator-link -->
                      </span>
                      <br/>
                      <span>
                        <img src="passed.png" width="3%"/>
                        <a href="#" panel-name="suite-multiBrowserTesting" title="testscript.LoginTest" class="method navigator-link" hash-for-method="verifyUserisAbleToLoginWithInvalidUsername">verifyUserisAbleToLoginWithInvalidUsername</a> <!-- method navigator-link -->
                      </span>
                      <br/>
                      <span>
                        <img src="passed.png" width="3%"/>
                        <a href="#" panel-name="suite-multiBrowserTesting" title="testscript.LogOutTest" class="method navigator-link" hash-for-method="verifyUserisAbleToLout">verifyUserisAbleToLout</a> <!-- method navigator-link -->
                      </span>
                      <br/>
                      <span>
                        <img src="passed.png" width="3%"/>
                        <a href="#" panel-name="suite-multiBrowserTesting" title="testscript.LogOutTest" class="method navigator-link" hash-for-method="verifyUserisAbleToLout">verifyUserisAbleToLout</a> <!-- method navigator-link -->
                      </span>
                      <br/>
                      <span>
                        <img src="passed.png" width="3%"/>
                        <a href="#" panel-name="suite-multiBrowserTesting" title="testscript.ManageCategoryTest" class="method navigator-link" hash-for-method="verifyuserIsAbleToAccessManageCategoryPage">verifyuserIsAbleToAccessManageCategoryPage</a> <!-- method navigator-link -->
                      </span>
                      <br/>
                      <span>
                        <img src="passed.png" width="3%"/>
                        <a href="#" panel-name="suite-multiBrowserTesting" title="testscript.ManageCategoryTest" class="method navigator-link" hash-for-method="verifyuserIsAbleToAccessManageCategoryPage">verifyuserIsAbleToAccessManageCategoryPage</a> <!-- method navigator-link -->
                      </span>
                      <br/>
                    </div> <!-- method-list-content passed suite-multiBrowserTesting -->
                  </li>
                </ul>
              </div> <!-- suite-section-content -->
            </div> <!-- result-section -->
          </div> <!-- navigator-suite-content -->
        </div> <!-- rounded-window -->
      </div> <!-- suite -->
    </div> <!-- navigator-root -->
    <div class="wrapper">
      <div class="main-panel-root">
        <div panel-name="suite-multiBrowserTesting" class="panel multiBrowserTesting">
          <div class="suite-multiBrowserTesting-class-failed">
            <div class="main-panel-header rounded-window-top">
              <img src="failed.png"/>
              <span class="class-name">testscript.ManageNewsUpdateTest</span>
            </div> <!-- main-panel-header rounded-window-top -->
            <div class="main-panel-content rounded-window-bottom">
              <div class="method">
                <div class="method-content">
                  <a name="validateSaveBtnInManageNews">
                  </a> <!-- validateSaveBtnInManageNews -->
                  <span class="method-name">validateSaveBtnInManageNews</span>
                  <div class="stack-trace">org.openqa.selenium.StaleElementReferenceException: stale element reference: stale element not found
  (Session info: chrome=140.0.7339.81)
For documentation on this error, please visit: https://www.selenium.dev/documentation/webdriver/troubleshooting/errors#stale-element-reference-exception
Build info: version: &apos;4.33.0&apos;, revision: &apos;2c6aaad03a&apos;
System info: os.name: &apos;Windows 11&apos;, os.arch: &apos;amd64&apos;, os.version: &apos;10.0&apos;, java.version: &apos;23.0.2&apos;
Driver info: org.openqa.selenium.chrome.ChromeDriver
Command: [cfbf720e0d55bbdb8d371ef972539d36, getElementText {id=f.9C34ADB07A72E2D96A9F48D0B4CFAB53.d.528DBC2AB8607A0092FC34AB6896EEA6.e.44}]
Capabilities {acceptInsecureCerts: false, browserName: chrome, browserVersion: 140.0.7339.81, chrome: {chromedriverVersion: 140.0.7339.82 (bc93617e21c3..., userDataDir: C:\Users\user\AppData\Local...}, fedcm:accounts: true, goog:chromeOptions: {debuggerAddress: localhost:62762}, networkConnectionEnabled: false, pageLoadStrategy: normal, platformName: windows, proxy: Proxy(), se:cdp: ws://localhost:62762/devtoo..., se:cdpVersion: 140.0.7339.81, setWindowRect: true, strictFileInteractability: false, timeouts: {implicit: 0, pageLoad: 300000, script: 30000}, unhandledPromptBehavior: dismiss and notify, webauthn:extension:credBlob: true, webauthn:extension:largeBlob: true, webauthn:extension:minPinLength: true, webauthn:extension:prf: true, webauthn:virtualAuthenticators: true}
Element: [[ChromeDriver: chrome on windows (cfbf720e0d55bbdb8d371ef972539d36)] -&gt; xpath: //table[@class=&apos;table table-bordered table-hover table-sm&apos;]//tbody//tr//td[1]]
Session ID: cfbf720e0d55bbdb8d371ef972539d36
	at org.openqa.selenium.remote.ErrorCodec.decode(ErrorCodec.java:167)
	at org.openqa.selenium.remote.codec.w3c.W3CHttpResponseCodec.decode(W3CHttpResponseCodec.java:138)
	at org.openqa.selenium.remote.codec.w3c.W3CHttpResponseCodec.decode(W3CHttpResponseCodec.java:50)
	at org.openqa.selenium.remote.HttpCommandExecutor.execute(HttpCommandExecutor.java:215)
	at org.openqa.selenium.remote.service.DriverCommandExecutor.invokeExecute(DriverCommandExecutor.java:216)
	at org.openqa.selenium.remote.service.DriverCommandExecutor.execute(DriverCommandExecutor.java:174)
	at org.openqa.selenium.remote.RemoteWebDriver.execute(RemoteWebDriver.java:544)
	at org.openqa.selenium.remote.RemoteWebElement.execute(RemoteWebElement.java:223)
	at org.openqa.selenium.remote.RemoteWebElement.getText(RemoteWebElement.java:191)
	at pages.ManageNewsUpdatePage.tableSerach(ManageNewsUpdatePage.java:72)
	at testscript.ManageNewsUpdateTest.validateSaveBtnInManageNews(ManageNewsUpdateTest.java:32)
	at java.base/java.util.ArrayList.forEach(ArrayList.java:1597)
	at java.base/java.util.concurrent.FutureTask.run(FutureTask.java:317)
	at java.base/java.util.concurrent.ThreadPoolExecutor.runWorker(ThreadPoolExecutor.java:1144)
	at java.base/java.util.concurrent.ThreadPoolExecutor$Worker.run(ThreadPoolExecutor.java:642)
	at java.base/java.lang.Thread.run(Thread.java:1575)
... Removed 18 stack frames
</div> <!-- stack-trace -->
                  <em>
(user is able to update Manage News page)                  </em>
                </div> <!-- method-content -->
              </div> <!-- method -->
              <div class="method">
                <div class="method-content">
                  <a name="validateSaveBtnInManageNews">
                  </a> <!-- validateSaveBtnInManageNews -->
                  <span class="method-name">validateSaveBtnInManageNews</span>
                  <div class="stack-trace">org.openqa.selenium.NoSuchElementException: no such element: Unable to locate element: {&quot;method&quot;:&quot;xpath&quot;,&quot;selector&quot;:&quot;//textarea[@id=&apos;news&apos;]&quot;}
  (Session info: MicrosoftEdge=140.0.3485.54)
For documentation on this error, please visit: https://www.selenium.dev/documentation/webdriver/troubleshooting/errors#no-such-element-exception
Build info: version: &apos;4.33.0&apos;, revision: &apos;2c6aaad03a&apos;
System info: os.name: &apos;Windows 11&apos;, os.arch: &apos;amd64&apos;, os.version: &apos;10.0&apos;, java.version: &apos;23.0.2&apos;
Driver info: org.openqa.selenium.edge.EdgeDriver
Command: [c00356c8251275ccff02e1c0749fef36, findElement {using=xpath, value=//textarea[@id=&apos;news&apos;]}]
Capabilities {acceptInsecureCerts: false, browserName: MicrosoftEdge, browserVersion: 140.0.3485.54, fedcm:accounts: true, ms:edgeOptions: {debuggerAddress: localhost:50403}, msedge: {msedgedriverVersion: 140.0.3485.54 (3cc379a8a5fb..., userDataDir: C:\Users\user\AppData\Local...}, networkConnectionEnabled: false, pageLoadStrategy: normal, platformName: windows, proxy: Proxy(), se:cdp: ws://localhost:50403/devtoo..., se:cdpVersion: 140.0.3485.54, setWindowRect: true, strictFileInteractability: false, timeouts: {implicit: 0, pageLoad: 300000, script: 30000}, unhandledPromptBehavior: dismiss and notify, webauthn:extension:credBlob: true, webauthn:extension:largeBlob: true, webauthn:extension:minPinLength: true, webauthn:extension:prf: true, webauthn:virtualAuthenticators: true}
Session ID: c00356c8251275ccff02e1c0749fef36
	at org.openqa.selenium.remote.ErrorCodec.decode(ErrorCodec.java:167)
	at org.openqa.selenium.remote.codec.w3c.W3CHttpResponseCodec.decode(W3CHttpResponseCodec.java:138)
	at org.openqa.selenium.remote.codec.w3c.W3CHttpResponseCodec.decode(W3CHttpResponseCodec.java:50)
	at org.openqa.selenium.remote.HttpCommandExecutor.execute(HttpCommandExecutor.java:215)
	at org.openqa.selenium.remote.service.DriverCommandExecutor.invokeExecute(DriverCommandExecutor.java:216)
	at org.openqa.selenium.remote.service.DriverCommandExecutor.execute(DriverCommandExecutor.java:174)
	at org.openqa.selenium.remote.RemoteWebDriver.execute(RemoteWebDriver.java:544)
	at org.openqa.selenium.remote.ElementLocation$ElementFinder$2.findElement(ElementLocation.java:165)
	at org.openqa.selenium.remote.ElementLocation.findElement(ElementLocation.java:59)
	at org.openqa.selenium.remote.RemoteWebDriver.findElement(RemoteWebDriver.java:367)
	at org.openqa.selenium.remote.RemoteWebDriver.findElement(RemoteWebDriver.java:361)
	at org.openqa.selenium.support.pagefactory.DefaultElementLocator.findElement(DefaultElementLocator.java:68)
	at org.openqa.selenium.support.pagefactory.internal.LocatingElementHandler.invoke(LocatingElementHandler.java:38)
	at jdk.proxy2/jdk.proxy2.$Proxy13.clear(Unknown Source)
	at pages.ManageNewsUpdatePage.enterTextMsg(ManageNewsUpdatePage.java:95)
	at testscript.ManageNewsUpdateTest.validateSaveBtnInManageNews(ManageNewsUpdateTest.java:32)
	at java.base/java.util.ArrayList.forEach(ArrayList.java:1597)
	at java.base/java.util.concurrent.FutureTask.run(FutureTask.java:317)
	at java.base/java.util.concurrent.ThreadPoolExecutor.runWorker(ThreadPoolExecutor.java:1144)
	at java.base/java.util.concurrent.ThreadPoolExecutor$Worker.run(ThreadPoolExecutor.java:642)
	at java.base/java.lang.Thread.run(Thread.java:1575)
... Removed 18 stack frames
</div> <!-- stack-trace -->
                  <em>
(user is able to update Manage News page)                  </em>
                </div> <!-- method-content -->
              </div> <!-- method -->
            </div> <!-- main-panel-content rounded-window-bottom -->
          </div> <!-- suite-multiBrowserTesting-class-failed -->
          <div class="suite-multiBrowserTesting-class-skipped">
            <div class="main-panel-header rounded-window-top">
              <img src="skipped.png"/>
              <span class="class-name">testscript.LoginTest</span>
            </div> <!-- main-panel-header rounded-window-top -->
            <div class="main-panel-content rounded-window-bottom">
              <div class="method">
                <div class="method-content">
                  <a name="verifyUserIsAbletoLoginUsingInvalidPassword">
                  </a> <!-- verifyUserIsAbletoLoginUsingInvalidPassword -->
                  <span class="method-name">verifyUserIsAbletoLoginUsingInvalidPassword</span>
                  <div class="stack-trace">org.openqa.selenium.NoSuchElementException: no such element: Unable to locate element: {&quot;method&quot;:&quot;xpath&quot;,&quot;selector&quot;:&quot;//div[@class=&apos;alert alert-danger alert-dismissible&apos;]&quot;}
  (Session info: MicrosoftEdge=140.0.3485.54)
For documentation on this error, please visit: https://www.selenium.dev/documentation/webdriver/troubleshooting/errors#no-such-element-exception
Build info: version: &apos;4.33.0&apos;, revision: &apos;2c6aaad03a&apos;
System info: os.name: &apos;Windows 11&apos;, os.arch: &apos;amd64&apos;, os.version: &apos;10.0&apos;, java.version: &apos;23.0.2&apos;
Driver info: org.openqa.selenium.edge.EdgeDriver
Command: [240d20948979f133f1d873bf143b30e3, findElement {using=xpath, value=//div[@class=&apos;alert alert-danger alert-dismissible&apos;]}]
Capabilities {acceptInsecureCerts: false, browserName: MicrosoftEdge, browserVersion: 140.0.3485.54, fedcm:accounts: true, ms:edgeOptions: {debuggerAddress: localhost:50696}, msedge: {msedgedriverVersion: 140.0.3485.54 (3cc379a8a5fb..., userDataDir: C:\Users\user\AppData\Local...}, networkConnectionEnabled: false, pageLoadStrategy: normal, platformName: windows, proxy: Proxy(), se:cdp: ws://localhost:50696/devtoo..., se:cdpVersion: 140.0.3485.54, setWindowRect: true, strictFileInteractability: false, timeouts: {implicit: 0, pageLoad: 300000, script: 30000}, unhandledPromptBehavior: dismiss and notify, webauthn:extension:credBlob: true, webauthn:extension:largeBlob: true, webauthn:extension:minPinLength: true, webauthn:extension:prf: true, webauthn:virtualAuthenticators: true}
Session ID: 240d20948979f133f1d873bf143b30e3
	at org.openqa.selenium.remote.ErrorCodec.decode(ErrorCodec.java:167)
	at org.openqa.selenium.remote.codec.w3c.W3CHttpResponseCodec.decode(W3CHttpResponseCodec.java:138)
	at org.openqa.selenium.remote.codec.w3c.W3CHttpResponseCodec.decode(W3CHttpResponseCodec.java:50)
	at org.openqa.selenium.remote.HttpCommandExecutor.execute(HttpCommandExecutor.java:215)
	at org.openqa.selenium.remote.service.DriverCommandExecutor.invokeExecute(DriverCommandExecutor.java:216)
	at org.openqa.selenium.remote.service.DriverCommandExecutor.execute(DriverCommandExecutor.java:174)
	at org.openqa.selenium.remote.RemoteWebDriver.execute(RemoteWebDriver.java:544)
	at org.openqa.selenium.remote.ElementLocation$ElementFinder$2.findElement(ElementLocation.java:165)
	at org.openqa.selenium.remote.ElementLocation.findElement(ElementLocation.java:59)
	at org.openqa.selenium.remote.RemoteWebDriver.findElement(RemoteWebDriver.java:367)
	at org.openqa.selenium.remote.RemoteWebDriver.findElement(RemoteWebDriver.java:361)
	at org.openqa.selenium.support.pagefactory.DefaultElementLocator.findElement(DefaultElementLocator.java:68)
	at org.openqa.selenium.support.pagefactory.internal.LocatingElementHandler.invoke(LocatingElementHandler.java:38)
	at jdk.proxy2/jdk.proxy2.$Proxy13.isDisplayed(Unknown Source)
	at pages.LoginPage.isAlertmessageDisplayed(LoginPage.java:52)
	at testscript.LoginTest.verifyUserIsAbletoLoginUsingInvalidPassword(LoginTest.java:66)
	at java.base/java.util.ArrayList.forEach(ArrayList.java:1597)
	at java.base/java.util.concurrent.FutureTask.run(FutureTask.java:317)
	at java.base/java.util.concurrent.ThreadPoolExecutor.runWorker(ThreadPoolExecutor.java:1144)
	at java.base/java.util.concurrent.ThreadPoolExecutor$Worker.run(ThreadPoolExecutor.java:642)
	at java.base/java.lang.Thread.run(Thread.java:1575)
... Removed 18 stack frames
</div> <!-- stack-trace -->
                  <em>
( user is able to login invalid password)                  </em>
                </div> <!-- method-content -->
              </div> <!-- method -->
            </div> <!-- main-panel-content rounded-window-bottom -->
          </div> <!-- suite-multiBrowserTesting-class-skipped -->
          <div class="suite-multiBrowserTesting-class-skipped">
            <div class="main-panel-header rounded-window-top">
              <img src="skipped.png"/>
              <span class="class-name">testscript.ManageNewsUpdateTest</span>
            </div> <!-- main-panel-header rounded-window-top -->
            <div class="main-panel-content rounded-window-bottom">
              <div class="method">
                <div class="method-content">
                  <a name="validateSaveBtnInManageNews">
                  </a> <!-- validateSaveBtnInManageNews -->
                  <span class="method-name">validateSaveBtnInManageNews</span>
                  <div class="stack-trace">org.openqa.selenium.StaleElementReferenceException: stale element reference: stale element not found
  (Session info: chrome=140.0.7339.81)
For documentation on this error, please visit: https://www.selenium.dev/documentation/webdriver/troubleshooting/errors#stale-element-reference-exception
Build info: version: &apos;4.33.0&apos;, revision: &apos;2c6aaad03a&apos;
System info: os.name: &apos;Windows 11&apos;, os.arch: &apos;amd64&apos;, os.version: &apos;10.0&apos;, java.version: &apos;23.0.2&apos;
Driver info: org.openqa.selenium.chrome.ChromeDriver
Command: [edc054fd88d51650dcb503a0a6adcbd9, getElementText {id=f.4229D1EC2DD793EA4F6EB57A10483150.d.FDDC088F9549E413D12E719C0DAA78BA.e.40}]
Capabilities {acceptInsecureCerts: false, browserName: chrome, browserVersion: 140.0.7339.81, chrome: {chromedriverVersion: 140.0.7339.82 (bc93617e21c3..., userDataDir: C:\Users\user\AppData\Local...}, fedcm:accounts: true, goog:chromeOptions: {debuggerAddress: localhost:62720}, networkConnectionEnabled: false, pageLoadStrategy: normal, platformName: windows, proxy: Proxy(), se:cdp: ws://localhost:62720/devtoo..., se:cdpVersion: 140.0.7339.81, setWindowRect: true, strictFileInteractability: false, timeouts: {implicit: 0, pageLoad: 300000, script: 30000}, unhandledPromptBehavior: dismiss and notify, webauthn:extension:credBlob: true, webauthn:extension:largeBlob: true, webauthn:extension:minPinLength: true, webauthn:extension:prf: true, webauthn:virtualAuthenticators: true}
Element: [[ChromeDriver: chrome on windows (edc054fd88d51650dcb503a0a6adcbd9)] -&gt; xpath: //table[@class=&apos;table table-bordered table-hover table-sm&apos;]//tbody//tr//td[1]]
Session ID: edc054fd88d51650dcb503a0a6adcbd9
	at org.openqa.selenium.remote.ErrorCodec.decode(ErrorCodec.java:167)
	at org.openqa.selenium.remote.codec.w3c.W3CHttpResponseCodec.decode(W3CHttpResponseCodec.java:138)
	at org.openqa.selenium.remote.codec.w3c.W3CHttpResponseCodec.decode(W3CHttpResponseCodec.java:50)
	at org.openqa.selenium.remote.HttpCommandExecutor.execute(HttpCommandExecutor.java:215)
	at org.openqa.selenium.remote.service.DriverCommandExecutor.invokeExecute(DriverCommandExecutor.java:216)
	at org.openqa.selenium.remote.service.DriverCommandExecutor.execute(DriverCommandExecutor.java:174)
	at org.openqa.selenium.remote.RemoteWebDriver.execute(RemoteWebDriver.java:544)
	at org.openqa.selenium.remote.RemoteWebElement.execute(RemoteWebElement.java:223)
	at org.openqa.selenium.remote.RemoteWebElement.getText(RemoteWebElement.java:191)
	at pages.ManageNewsUpdatePage.tableSerach(ManageNewsUpdatePage.java:72)
	at testscript.ManageNewsUpdateTest.validateSaveBtnInManageNews(ManageNewsUpdateTest.java:32)
	at java.base/java.util.ArrayList.forEach(ArrayList.java:1597)
	at java.base/java.util.concurrent.FutureTask.run(FutureTask.java:317)
	at java.base/java.util.concurrent.ThreadPoolExecutor.runWorker(ThreadPoolExecutor.java:1144)
	at java.base/java.util.concurrent.ThreadPoolExecutor$Worker.run(ThreadPoolExecutor.java:642)
	at java.base/java.lang.Thread.run(Thread.java:1575)
... Removed 18 stack frames
</div> <!-- stack-trace -->
                  <em>
(user is able to update Manage News page)                  </em>
                </div> <!-- method-content -->
              </div> <!-- method -->
              <div class="method">
                <div class="method-content">
                  <a name="validateSaveBtnInManageNews">
                  </a> <!-- validateSaveBtnInManageNews -->
                  <span class="method-name">validateSaveBtnInManageNews</span>
                  <div class="stack-trace">org.openqa.selenium.StaleElementReferenceException: stale element reference: stale element not found
  (Session info: chrome=140.0.7339.81)
For documentation on this error, please visit: https://www.selenium.dev/documentation/webdriver/troubleshooting/errors#stale-element-reference-exception
Build info: version: &apos;4.33.0&apos;, revision: &apos;2c6aaad03a&apos;
System info: os.name: &apos;Windows 11&apos;, os.arch: &apos;amd64&apos;, os.version: &apos;10.0&apos;, java.version: &apos;23.0.2&apos;
Driver info: org.openqa.selenium.chrome.ChromeDriver
Command: [c12ed2cff6f71bbd43c4c5c8f06caee6, getElementText {id=f.35EBDE9D1BCB7C5ECC7864A8ED8DFBD7.d.A952E7158AAFDD54834178C713C2435D.e.39}]
Capabilities {acceptInsecureCerts: false, browserName: chrome, browserVersion: 140.0.7339.81, chrome: {chromedriverVersion: 140.0.7339.82 (bc93617e21c3..., userDataDir: C:\Users\user\AppData\Local...}, fedcm:accounts: true, goog:chromeOptions: {debuggerAddress: localhost:62742}, networkConnectionEnabled: false, pageLoadStrategy: normal, platformName: windows, proxy: Proxy(), se:cdp: ws://localhost:62742/devtoo..., se:cdpVersion: 140.0.7339.81, setWindowRect: true, strictFileInteractability: false, timeouts: {implicit: 0, pageLoad: 300000, script: 30000}, unhandledPromptBehavior: dismiss and notify, webauthn:extension:credBlob: true, webauthn:extension:largeBlob: true, webauthn:extension:minPinLength: true, webauthn:extension:prf: true, webauthn:virtualAuthenticators: true}
Element: [[ChromeDriver: chrome on windows (c12ed2cff6f71bbd43c4c5c8f06caee6)] -&gt; xpath: //table[@class=&apos;table table-bordered table-hover table-sm&apos;]//tbody//tr//td[1]]
Session ID: c12ed2cff6f71bbd43c4c5c8f06caee6
	at org.openqa.selenium.remote.ErrorCodec.decode(ErrorCodec.java:167)
	at org.openqa.selenium.remote.codec.w3c.W3CHttpResponseCodec.decode(W3CHttpResponseCodec.java:138)
	at org.openqa.selenium.remote.codec.w3c.W3CHttpResponseCodec.decode(W3CHttpResponseCodec.java:50)
	at org.openqa.selenium.remote.HttpCommandExecutor.execute(HttpCommandExecutor.java:215)
	at org.openqa.selenium.remote.service.DriverCommandExecutor.invokeExecute(DriverCommandExecutor.java:216)
	at org.openqa.selenium.remote.service.DriverCommandExecutor.execute(DriverCommandExecutor.java:174)
	at org.openqa.selenium.remote.RemoteWebDriver.execute(RemoteWebDriver.java:544)
	at org.openqa.selenium.remote.RemoteWebElement.execute(RemoteWebElement.java:223)
	at org.openqa.selenium.remote.RemoteWebElement.getText(RemoteWebElement.java:191)
	at pages.ManageNewsUpdatePage.tableSerach(ManageNewsUpdatePage.java:72)
	at testscript.ManageNewsUpdateTest.validateSaveBtnInManageNews(ManageNewsUpdateTest.java:32)
	at java.base/java.util.ArrayList.forEach(ArrayList.java:1597)
	at java.base/java.util.concurrent.FutureTask.run(FutureTask.java:317)
	at java.base/java.util.concurrent.ThreadPoolExecutor.runWorker(ThreadPoolExecutor.java:1144)
	at java.base/java.util.concurrent.ThreadPoolExecutor$Worker.run(ThreadPoolExecutor.java:642)
	at java.base/java.lang.Thread.run(Thread.java:1575)
... Removed 18 stack frames
</div> <!-- stack-trace -->
                  <em>
(user is able to update Manage News page)                  </em>
                </div> <!-- method-content -->
              </div> <!-- method -->
              <div class="method">
                <div class="method-content">
                  <a name="validateSaveBtnInManageNews">
                  </a> <!-- validateSaveBtnInManageNews -->
                  <span class="method-name">validateSaveBtnInManageNews</span>
                  <div class="stack-trace">org.openqa.selenium.NoSuchElementException: no such element: Unable to locate element: {&quot;method&quot;:&quot;xpath&quot;,&quot;selector&quot;:&quot;//textarea[@id=&apos;news&apos;]&quot;}
  (Session info: MicrosoftEdge=140.0.3485.54)
For documentation on this error, please visit: https://www.selenium.dev/documentation/webdriver/troubleshooting/errors#no-such-element-exception
Build info: version: &apos;4.33.0&apos;, revision: &apos;2c6aaad03a&apos;
System info: os.name: &apos;Windows 11&apos;, os.arch: &apos;amd64&apos;, os.version: &apos;10.0&apos;, java.version: &apos;23.0.2&apos;
Driver info: org.openqa.selenium.edge.EdgeDriver
Command: [201ae26df736a83733fcfb6f130397af, findElement {using=xpath, value=//textarea[@id=&apos;news&apos;]}]
Capabilities {acceptInsecureCerts: false, browserName: MicrosoftEdge, browserVersion: 140.0.3485.54, fedcm:accounts: true, ms:edgeOptions: {debuggerAddress: localhost:62932}, msedge: {msedgedriverVersion: 140.0.3485.54 (3cc379a8a5fb..., userDataDir: C:\Users\user\AppData\Local...}, networkConnectionEnabled: false, pageLoadStrategy: normal, platformName: windows, proxy: Proxy(), se:cdp: ws://localhost:62932/devtoo..., se:cdpVersion: 140.0.3485.54, setWindowRect: true, strictFileInteractability: false, timeouts: {implicit: 0, pageLoad: 300000, script: 30000}, unhandledPromptBehavior: dismiss and notify, webauthn:extension:credBlob: true, webauthn:extension:largeBlob: true, webauthn:extension:minPinLength: true, webauthn:extension:prf: true, webauthn:virtualAuthenticators: true}
Session ID: 201ae26df736a83733fcfb6f130397af
	at org.openqa.selenium.remote.ErrorCodec.decode(ErrorCodec.java:167)
	at org.openqa.selenium.remote.codec.w3c.W3CHttpResponseCodec.decode(W3CHttpResponseCodec.java:138)
	at org.openqa.selenium.remote.codec.w3c.W3CHttpResponseCodec.decode(W3CHttpResponseCodec.java:50)
	at org.openqa.selenium.remote.HttpCommandExecutor.execute(HttpCommandExecutor.java:215)
	at org.openqa.selenium.remote.service.DriverCommandExecutor.invokeExecute(DriverCommandExecutor.java:216)
	at org.openqa.selenium.remote.service.DriverCommandExecutor.execute(DriverCommandExecutor.java:174)
	at org.openqa.selenium.remote.RemoteWebDriver.execute(RemoteWebDriver.java:544)
	at org.openqa.selenium.remote.ElementLocation$ElementFinder$2.findElement(ElementLocation.java:165)
	at org.openqa.selenium.remote.ElementLocation.findElement(ElementLocation.java:59)
	at org.openqa.selenium.remote.RemoteWebDriver.findElement(RemoteWebDriver.java:367)
	at org.openqa.selenium.remote.RemoteWebDriver.findElement(RemoteWebDriver.java:361)
	at org.openqa.selenium.support.pagefactory.DefaultElementLocator.findElement(DefaultElementLocator.java:68)
	at org.openqa.selenium.support.pagefactory.internal.LocatingElementHandler.invoke(LocatingElementHandler.java:38)
	at jdk.proxy2/jdk.proxy2.$Proxy13.clear(Unknown Source)
	at pages.ManageNewsUpdatePage.enterTextMsg(ManageNewsUpdatePage.java:95)
	at testscript.ManageNewsUpdateTest.validateSaveBtnInManageNews(ManageNewsUpdateTest.java:32)
	at java.base/java.util.ArrayList.forEach(ArrayList.java:1597)
	at java.base/java.util.concurrent.FutureTask.run(FutureTask.java:317)
	at java.base/java.util.concurrent.ThreadPoolExecutor.runWorker(ThreadPoolExecutor.java:1144)
	at java.base/java.util.concurrent.ThreadPoolExecutor$Worker.run(ThreadPoolExecutor.java:642)
	at java.base/java.lang.Thread.run(Thread.java:1575)
... Removed 18 stack frames
</div> <!-- stack-trace -->
                  <em>
(user is able to update Manage News page)                  </em>
                </div> <!-- method-content -->
              </div> <!-- method -->
              <div class="method">
                <div class="method-content">
                  <a name="validateSaveBtnInManageNews">
                  </a> <!-- validateSaveBtnInManageNews -->
                  <span class="method-name">validateSaveBtnInManageNews</span>
                  <div class="stack-trace">org.openqa.selenium.StaleElementReferenceException: stale element reference: stale element not found
  (Session info: MicrosoftEdge=140.0.3485.54)
For documentation on this error, please visit: https://www.selenium.dev/documentation/webdriver/troubleshooting/errors#stale-element-reference-exception
Build info: version: &apos;4.33.0&apos;, revision: &apos;2c6aaad03a&apos;
System info: os.name: &apos;Windows 11&apos;, os.arch: &apos;amd64&apos;, os.version: &apos;10.0&apos;, java.version: &apos;23.0.2&apos;
Driver info: org.openqa.selenium.edge.EdgeDriver
Command: [8cc797123185ec8e4c6d85e94f193ea8, getElementText {id=f.F517D052A663A0E309ECE7952D7B8939.d.42BA4EC3F72E6C725BD6BDBD45B20A40.e.45}]
Capabilities {acceptInsecureCerts: false, browserName: MicrosoftEdge, browserVersion: 140.0.3485.54, fedcm:accounts: true, ms:edgeOptions: {debuggerAddress: localhost:63061}, msedge: {msedgedriverVersion: 140.0.3485.54 (3cc379a8a5fb..., userDataDir: C:\Users\user\AppData\Local...}, networkConnectionEnabled: false, pageLoadStrategy: normal, platformName: windows, proxy: Proxy(), se:cdp: ws://localhost:63061/devtoo..., se:cdpVersion: 140.0.3485.54, setWindowRect: true, strictFileInteractability: false, timeouts: {implicit: 0, pageLoad: 300000, script: 30000}, unhandledPromptBehavior: dismiss and notify, webauthn:extension:credBlob: true, webauthn:extension:largeBlob: true, webauthn:extension:minPinLength: true, webauthn:extension:prf: true, webauthn:virtualAuthenticators: true}
Element: [[EdgeDriver: MicrosoftEdge on windows (8cc797123185ec8e4c6d85e94f193ea8)] -&gt; xpath: //table[@class=&apos;table table-bordered table-hover table-sm&apos;]//tbody//tr//td[1]]
Session ID: 8cc797123185ec8e4c6d85e94f193ea8
	at org.openqa.selenium.remote.ErrorCodec.decode(ErrorCodec.java:167)
	at org.openqa.selenium.remote.codec.w3c.W3CHttpResponseCodec.decode(W3CHttpResponseCodec.java:138)
	at org.openqa.selenium.remote.codec.w3c.W3CHttpResponseCodec.decode(W3CHttpResponseCodec.java:50)
	at org.openqa.selenium.remote.HttpCommandExecutor.execute(HttpCommandExecutor.java:215)
	at org.openqa.selenium.remote.service.DriverCommandExecutor.invokeExecute(DriverCommandExecutor.java:216)
	at org.openqa.selenium.remote.service.DriverCommandExecutor.execute(DriverCommandExecutor.java:174)
	at org.openqa.selenium.remote.RemoteWebDriver.execute(RemoteWebDriver.java:544)
	at org.openqa.selenium.remote.RemoteWebElement.execute(RemoteWebElement.java:223)
	at org.openqa.selenium.remote.RemoteWebElement.getText(RemoteWebElement.java:191)
	at pages.ManageNewsUpdatePage.tableSerach(ManageNewsUpdatePage.java:72)
	at testscript.ManageNewsUpdateTest.validateSaveBtnInManageNews(ManageNewsUpdateTest.java:32)
	at java.base/java.util.ArrayList.forEach(ArrayList.java:1597)
	at java.base/java.util.concurrent.FutureTask.run(FutureTask.java:317)
	at java.base/java.util.concurrent.ThreadPoolExecutor.runWorker(ThreadPoolExecutor.java:1144)
	at java.base/java.util.concurrent.ThreadPoolExecutor$Worker.run(ThreadPoolExecutor.java:642)
	at java.base/java.lang.Thread.run(Thread.java:1575)
... Removed 18 stack frames
</div> <!-- stack-trace -->
                  <em>
(user is able to update Manage News page)                  </em>
                </div> <!-- method-content -->
              </div> <!-- method -->
            </div> <!-- main-panel-content rounded-window-bottom -->
          </div> <!-- suite-multiBrowserTesting-class-skipped -->
          <div class="suite-multiBrowserTesting-class-passed">
            <div class="main-panel-header rounded-window-top">
              <img src="passed.png"/>
              <span class="class-name">testscript.LogOutTest</span>
            </div> <!-- main-panel-header rounded-window-top -->
            <div class="main-panel-content rounded-window-bottom">
              <div class="method">
                <div class="method-content">
                  <a name="verifyUserisAbleToLout">
                  </a> <!-- verifyUserisAbleToLout -->
                  <span class="method-name">verifyUserisAbleToLout</span>
                  <em>
(user is able to logout)                  </em>
                </div> <!-- method-content -->
              </div> <!-- method -->
              <div class="method">
                <div class="method-content">
                  <a name="verifyUserisAbleToLout">
                  </a> <!-- verifyUserisAbleToLout -->
                  <span class="method-name">verifyUserisAbleToLout</span>
                  <em>
(user is able to logout)                  </em>
                </div> <!-- method-content -->
              </div> <!-- method -->
            </div> <!-- main-panel-content rounded-window-bottom -->
          </div> <!-- suite-multiBrowserTesting-class-passed -->
          <div class="suite-multiBrowserTesting-class-passed">
            <div class="main-panel-header rounded-window-top">
              <img src="passed.png"/>
              <span class="class-name">testscript.LoginTest</span>
            </div> <!-- main-panel-header rounded-window-top -->
            <div class="main-panel-content rounded-window-bottom">
              <div class="method">
                <div class="method-content">
                  <a name="verifyUserIsAbleToLoginUsingInvalidCredentials">
                  </a> <!-- verifyUserIsAbleToLoginUsingInvalidCredentials -->
                  <span class="method-name">verifyUserIsAbleToLoginUsingInvalidCredentials</span>
                  <em>
(User is able to login using both invalid credentials)                  </em>
                </div> <!-- method-content -->
              </div> <!-- method -->
              <div class="method">
                <div class="method-content">
                  <a name="verifyUserIsAbleToLoginUsingInvalidCredentials">
                  </a> <!-- verifyUserIsAbleToLoginUsingInvalidCredentials -->
                  <span class="method-name">verifyUserIsAbleToLoginUsingInvalidCredentials</span>
                  <em>
(User is able to login using both invalid credentials)                  </em>
                </div> <!-- method-content -->
              </div> <!-- method -->
              <div class="method">
                <div class="method-content">
                  <a name="verifyUserIsAbleToLoginUsingValidCredentials">
                  </a> <!-- verifyUserIsAbleToLoginUsingValidCredentials -->
                  <span class="method-name">verifyUserIsAbleToLoginUsingValidCredentials</span>
                  <em>
(User is able to login using valid credential)                  </em>
                </div> <!-- method-content -->
              </div> <!-- method -->
              <div class="method">
                <div class="method-content">
                  <a name="verifyUserIsAbleToLoginUsingValidCredentials">
                  </a> <!-- verifyUserIsAbleToLoginUsingValidCredentials -->
                  <span class="method-name">verifyUserIsAbleToLoginUsingValidCredentials</span>
                  <em>
(User is able to login using valid credential)                  </em>
                </div> <!-- method-content -->
              </div> <!-- method -->
              <div class="method">
                <div class="method-content">
                  <a name="verifyUserIsAbletoLoginUsingInvalidPassword">
                  </a> <!-- verifyUserIsAbletoLoginUsingInvalidPassword -->
                  <span class="method-name">verifyUserIsAbletoLoginUsingInvalidPassword</span>
                  <em>
( user is able to login invalid password)                  </em>
                </div> <!-- method-content -->
              </div> <!-- method -->
              <div class="method">
                <div class="method-content">
                  <a name="verifyUserIsAbletoLoginUsingInvalidPassword">
                  </a> <!-- verifyUserIsAbletoLoginUsingInvalidPassword -->
                  <span class="method-name">verifyUserIsAbletoLoginUsingInvalidPassword</span>
                  <em>
( user is able to login invalid password)                  </em>
                </div> <!-- method-content -->
              </div> <!-- method -->
              <div class="method">
                <div class="method-content">
                  <a name="verifyUserisAbleToLoginWithInvalidUsername">
                  </a> <!-- verifyUserisAbleToLoginWithInvalidUsername -->
                  <span class="method-name">verifyUserisAbleToLoginWithInvalidUsername</span>
                  <em>
(user is able to login using invalid username)                  </em>
                </div> <!-- method-content -->
              </div> <!-- method -->
              <div class="method">
                <div class="method-content">
                  <a name="verifyUserisAbleToLoginWithInvalidUsername">
                  </a> <!-- verifyUserisAbleToLoginWithInvalidUsername -->
                  <span class="method-name">verifyUserisAbleToLoginWithInvalidUsername</span>
                  <em>
(user is able to login using invalid username)                  </em>
                </div> <!-- method-content -->
              </div> <!-- method -->
            </div> <!-- main-panel-content rounded-window-bottom -->
          </div> <!-- suite-multiBrowserTesting-class-passed -->
          <div class="suite-multiBrowserTesting-class-passed">
            <div class="main-panel-header rounded-window-top">
              <img src="passed.png"/>
              <span class="class-name">testscript.ManageCategoryTest</span>
            </div> <!-- main-panel-header rounded-window-top -->
            <div class="main-panel-content rounded-window-bottom">
              <div class="method">
                <div class="method-content">
                  <a name="verifyuserIsAbleToAccessManageCategoryPage">
                  </a> <!-- verifyuserIsAbleToAccessManageCategoryPage -->
                  <span class="method-name">verifyuserIsAbleToAccessManageCategoryPage</span>
                  <em>
( User is able to access Manage Catergory Page)                  </em>
                </div> <!-- method-content -->
              </div> <!-- method -->
              <div class="method">
                <div class="method-content">
                  <a name="verifyuserIsAbleToAccessManageCategoryPage">
                  </a> <!-- verifyuserIsAbleToAccessManageCategoryPage -->
                  <span class="method-name">verifyuserIsAbleToAccessManageCategoryPage</span>
                  <em>
( User is able to access Manage Catergory Page)                  </em>
                </div> <!-- method-content -->
              </div> <!-- method -->
            </div> <!-- main-panel-content rounded-window-bottom -->
          </div> <!-- suite-multiBrowserTesting-class-passed -->
          <div class="suite-multiBrowserTesting-class-passed">
            <div class="main-panel-header rounded-window-top">
              <img src="passed.png"/>
              <span class="class-name">testscript.ManageContactTest</span>
            </div> <!-- main-panel-header rounded-window-top -->
            <div class="main-panel-content rounded-window-bottom">
              <div class="method">
                <div class="method-content">
                  <a name="validateUpdateBtnInManageContact">
                  </a> <!-- validateUpdateBtnInManageContact -->
                  <span class="method-name">validateUpdateBtnInManageContact</span>
                  <em>
( User his able to validate te UPDATE BUTTON in te page)                  </em>
                </div> <!-- method-content -->
              </div> <!-- method -->
              <div class="method">
                <div class="method-content">
                  <a name="validateUpdateBtnInManageContact">
                  </a> <!-- validateUpdateBtnInManageContact -->
                  <span class="method-name">validateUpdateBtnInManageContact</span>
                  <em>
( User his able to validate te UPDATE BUTTON in te page)                  </em>
                </div> <!-- method-content -->
              </div> <!-- method -->
              <div class="method">
                <div class="method-content">
                  <a name="verifyUserisAbleToAccessManageContactPage">
                  </a> <!-- verifyUserisAbleToAccessManageContactPage -->
                  <span class="method-name">verifyUserisAbleToAccessManageContactPage</span>
                  <em>
( User is able to access te Manage Contact Test page)                  </em>
                </div> <!-- method-content -->
              </div> <!-- method -->
              <div class="method">
                <div class="method-content">
                  <a name="verifyUserisAbleToAccessManageContactPage">
                  </a> <!-- verifyUserisAbleToAccessManageContactPage -->
                  <span class="method-name">verifyUserisAbleToAccessManageContactPage</span>
                  <em>
( User is able to access te Manage Contact Test page)                  </em>
                </div> <!-- method-content -->
              </div> <!-- method -->
            </div> <!-- main-panel-content rounded-window-bottom -->
          </div> <!-- suite-multiBrowserTesting-class-passed -->
          <div class="suite-multiBrowserTesting-class-passed">
            <div class="main-panel-header rounded-window-top">
              <img src="passed.png"/>
              <span class="class-name">testscript.ManageFooterTest</span>
            </div> <!-- main-panel-header rounded-window-top -->
            <div class="main-panel-content rounded-window-bottom">
              <div class="method">
                <div class="method-content">
                  <a name="validateUpdatebtnInManageFooterPage">
                  </a> <!-- validateUpdatebtnInManageFooterPage -->
                  <span class="method-name">validateUpdatebtnInManageFooterPage</span>
                  <em>
(user is able to validate UPDATE BUTTON in the page)                  </em>
                </div> <!-- method-content -->
              </div> <!-- method -->
              <div class="method">
                <div class="method-content">
                  <a name="validateUpdatebtnInManageFooterPage">
                  </a> <!-- validateUpdatebtnInManageFooterPage -->
                  <span class="method-name">validateUpdatebtnInManageFooterPage</span>
                  <em>
(user is able to validate UPDATE BUTTON in the page)                  </em>
                </div> <!-- method-content -->
              </div> <!-- method -->
              <div class="method">
                <div class="method-content">
                  <a name="verifyUserIsAbletoAccessManageFooterPage">
                  </a> <!-- verifyUserIsAbletoAccessManageFooterPage -->
                  <span class="method-name">verifyUserIsAbletoAccessManageFooterPage</span>
                  <em>
(User is able to access the Manage Footer Page)                  </em>
                </div> <!-- method-content -->
              </div> <!-- method -->
              <div class="method">
                <div class="method-content">
                  <a name="verifyUserIsAbletoAccessManageFooterPage">
                  </a> <!-- verifyUserIsAbletoAccessManageFooterPage -->
                  <span class="method-name">verifyUserIsAbletoAccessManageFooterPage</span>
                  <em>
(User is able to access the Manage Footer Page)                  </em>
                </div> <!-- method-content -->
              </div> <!-- method -->
            </div> <!-- main-panel-content rounded-window-bottom -->
          </div> <!-- suite-multiBrowserTesting-class-passed -->
          <div class="suite-multiBrowserTesting-class-passed">
            <div class="main-panel-header rounded-window-top">
              <img src="passed.png"/>
              <span class="class-name">testscript.AdminUserTest</span>
            </div> <!-- main-panel-header rounded-window-top -->
            <div class="main-panel-content rounded-window-bottom">
              <div class="method">
                <div class="method-content">
                  <a name="verifyUserIsAbletoClickAdminUser">
                  </a> <!-- verifyUserIsAbletoClickAdminUser -->
                  <span class="method-name">verifyUserIsAbletoClickAdminUser</span>
                  <em>
(user is able to access te Admin User Page)                  </em>
                </div> <!-- method-content -->
              </div> <!-- method -->
              <div class="method">
                <div class="method-content">
                  <a name="verifyUserIsAbletoClickAdminUser">
                  </a> <!-- verifyUserIsAbletoClickAdminUser -->
                  <span class="method-name">verifyUserIsAbletoClickAdminUser</span>
                  <em>
(user is able to access te Admin User Page)                  </em>
                </div> <!-- method-content -->
              </div> <!-- method -->
            </div> <!-- main-panel-content rounded-window-bottom -->
          </div> <!-- suite-multiBrowserTesting-class-passed -->
          <div class="suite-multiBrowserTesting-class-passed">
            <div class="main-panel-header rounded-window-top">
              <img src="passed.png"/>
              <span class="class-name">testscript.ManageNewsTest</span>
            </div> <!-- main-panel-header rounded-window-top -->
            <div class="main-panel-content rounded-window-bottom">
              <div class="method">
                <div class="method-content">
                  <a name="verifyUserisAbleToAccessManageNewsPage">
                  </a> <!-- verifyUserisAbleToAccessManageNewsPage -->
                  <span class="method-name">verifyUserisAbleToAccessManageNewsPage</span>
                  <em>
(User is able to access the Manage News Page)                  </em>
                </div> <!-- method-content -->
              </div> <!-- method -->
              <div class="method">
                <div class="method-content">
                  <a name="verifyUserisAbleToAccessManageNewsPage">
                  </a> <!-- verifyUserisAbleToAccessManageNewsPage -->
                  <span class="method-name">verifyUserisAbleToAccessManageNewsPage</span>
                  <em>
(User is able to access the Manage News Page)                  </em>
                </div> <!-- method-content -->
              </div> <!-- method -->
            </div> <!-- main-panel-content rounded-window-bottom -->
          </div> <!-- suite-multiBrowserTesting-class-passed -->
        </div> <!-- panel multiBrowserTesting -->
        <div panel-name="test-xml-multiBrowserTesting" class="panel">
          <div class="main-panel-header rounded-window-top">
            <span class="header-content">C:\Users\user\git\7rSupermarketProject_Repo\GrocerySupermartApplication_Project\multiBrowserTesting.xml</span>
          </div> <!-- main-panel-header rounded-window-top -->
          <div class="main-panel-content rounded-window-bottom">
            <pre>
&lt;?xml version=&quot;1.0&quot; encoding=&quot;UTF-8&quot;?&gt;
&lt;!DOCTYPE suite SYSTEM &quot;https://testng.org/testng-1.0.dtd&quot;&gt;
&lt;suite parallel=&quot;tests&quot; name=&quot;multiBrowserTesting&quot; guice-stage=&quot;DEVELOPMENT&quot;&gt;
  &lt;test thread-count=&quot;5&quot; parallel=&quot;tests&quot; name=&quot;chromeTest&quot;&gt;
    &lt;parameter name=&quot;browser&quot; value=&quot;chrome&quot;/&gt;
    &lt;classes&gt;
      &lt;class name=&quot;testscript.ManageCategoryTest&quot;/&gt;
      &lt;class name=&quot;testscript.ManageNewsUpdateTest&quot;/&gt;
      &lt;class name=&quot;testscript.ManageContactTest&quot;/&gt;
      &lt;class name=&quot;testscript.ManageNewsTest&quot;/&gt;
      &lt;class name=&quot;testscript.LogOutTest&quot;/&gt;
      &lt;class name=&quot;testscript.ManageFooterTest&quot;/&gt;
      &lt;class name=&quot;testscript.LoginTest&quot;/&gt;
      &lt;class name=&quot;testscript.AdminUserTest&quot;/&gt;
    &lt;/classes&gt;
  &lt;/test&gt; &lt;!-- chromeTest --&gt;
  &lt;test thread-count=&quot;5&quot; parallel=&quot;tests&quot; name=&quot;EdgeTest&quot;&gt;
    &lt;parameter name=&quot;browser&quot; value=&quot;Edge&quot;/&gt;
    &lt;classes&gt;
      &lt;class name=&quot;testscript.ManageCategoryTest&quot;/&gt;
      &lt;class name=&quot;testscript.ManageNewsUpdateTest&quot;/&gt;
      &lt;class name=&quot;testscript.ManageContactTest&quot;/&gt;
      &lt;class name=&quot;testscript.ManageNewsTest&quot;/&gt;
      &lt;class name=&quot;testscript.LogOutTest&quot;/&gt;
      &lt;class name=&quot;testscript.ManageFooterTest&quot;/&gt;
      &lt;class name=&quot;testscript.LoginTest&quot;/&gt;
      &lt;class name=&quot;testscript.AdminUserTest&quot;/&gt;
    &lt;/classes&gt;
  &lt;/test&gt; &lt;!-- EdgeTest --&gt;
&lt;/suite&gt; &lt;!-- multiBrowserTesting --&gt;
            </pre>
          </div> <!-- main-panel-content rounded-window-bottom -->
        </div> <!-- panel -->
        <div panel-name="testlist-multiBrowserTesting" class="panel">
          <div class="main-panel-header rounded-window-top">
            <span class="header-content">Tests for multiBrowserTesting</span>
          </div> <!-- main-panel-header rounded-window-top -->
          <div class="main-panel-content rounded-window-bottom">
            <ul>
              <li>
                <span class="test-name">chromeTest (8 classes)</span>
              </li>
              <li>
                <span class="test-name">EdgeTest (8 classes)</span>
              </li>
            </ul>
          </div> <!-- main-panel-content rounded-window-bottom -->
        </div> <!-- panel -->
        <div panel-name="group-multiBrowserTesting" class="panel">
          <div class="main-panel-header rounded-window-top">
            <span class="header-content">Groups for multiBrowserTesting</span>
          </div> <!-- main-panel-header rounded-window-top -->
          <div class="main-panel-content rounded-window-bottom">
            <div class="test-group">
              <span class="test-group-name">regression</span>
              <br/>
              <div class="method-in-group">
                <span class="method-in-group-name">verifyUserIsAbletoAccessManageFooterPage</span>
                <br/>
              </div> <!-- method-in-group -->
              <div class="method-in-group">
                <span class="method-in-group-name">verifyUserisAbleToAccessManageContactPage</span>
                <br/>
              </div> <!-- method-in-group -->
              <div class="method-in-group">
                <span class="method-in-group-name">verifyuserIsAbleToAccessManageCategoryPage</span>
                <br/>
              </div> <!-- method-in-group -->
            </div> <!-- test-group -->
          </div> <!-- main-panel-content rounded-window-bottom -->
        </div> <!-- panel -->
        <div panel-name="times-multiBrowserTesting" class="panel">
          <div class="main-panel-header rounded-window-top">
            <span class="header-content">Times for multiBrowserTesting</span>
          </div> <!-- main-panel-header rounded-window-top -->
          <div class="main-panel-content rounded-window-bottom">
            <div class="times-div">
              <script type="text/javascript">
suiteTableInitFunctions.push('tableData_multiBrowserTesting');
function tableData_multiBrowserTesting() {
var data = new google.visualization.DataTable();
data.addColumn('number', 'Number');
data.addColumn('string', 'Method');
data.addColumn('string', 'Class');
data.addColumn('number', 'Time (ms)');
data.addRows(31);
data.setCell(0, 0, 0)
data.setCell(0, 1, 'verifyuserIsAbleToAccessManageCategoryPage')
data.setCell(0, 2, 'testscript.ManageCategoryTest')
data.setCell(0, 3, 2588);
data.setCell(1, 0, 1)
data.setCell(1, 1, 'verifyUserisAbleToAccessManageContactPage')
data.setCell(1, 2, 'testscript.ManageContactTest')
data.setCell(1, 3, 2514);
data.setCell(2, 0, 2)
data.setCell(2, 1, 'verifyUserisAbleToAccessManageContactPage')
data.setCell(2, 2, 'testscript.ManageContactTest')
data.setCell(2, 3, 2383);
data.setCell(3, 0, 3)
data.setCell(3, 1, 'verifyUserIsAbletoAccessManageFooterPage')
data.setCell(3, 2, 'testscript.ManageFooterTest')
data.setCell(3, 3, 2174);
data.setCell(4, 0, 4)
data.setCell(4, 1, 'verifyuserIsAbleToAccessManageCategoryPage')
data.setCell(4, 2, 'testscript.ManageCategoryTest')
data.setCell(4, 3, 2100);
data.setCell(5, 0, 5)
data.setCell(5, 1, 'verifyUserIsAbletoClickAdminUser')
data.setCell(5, 2, 'testscript.AdminUserTest')
data.setCell(5, 3, 2034);
data.setCell(6, 0, 6)
data.setCell(6, 1, 'verifyUserIsAbletoAccessManageFooterPage')
data.setCell(6, 2, 'testscript.ManageFooterTest')
data.setCell(6, 3, 2001);
data.setCell(7, 0, 7)
data.setCell(7, 1, 'validateSaveBtnInManageNews')
data.setCell(7, 2, 'testscript.ManageNewsUpdateTest')
data.setCell(7, 3, 1741);
data.setCell(8, 0, 8)
data.setCell(8, 1, 'verifyUserIsAbletoClickAdminUser')
data.setCell(8, 2, 'testscript.AdminUserTest')
data.setCell(8, 3, 1669);
data.setCell(9, 0, 9)
data.setCell(9, 1, 'verifyUserisAbleToAccessManageNewsPage')
data.setCell(9, 2, 'testscript.ManageNewsTest')
data.setCell(9, 3, 1553);
data.setCell(10, 0, 10)
data.setCell(10, 1, 'validateSaveBtnInManageNews')
data.setCell(10, 2, 'testscript.ManageNewsUpdateTest')
data.setCell(10, 3, 1483);
data.setCell(11, 0, 11)
data.setCell(11, 1, 'verifyUserisAbleToAccessManageNewsPage')
data.setCell(11, 2, 'testscript.ManageNewsTest')
data.setCell(11, 3, 1456);
data.setCell(12, 0, 12)
data.setCell(12, 1, 'validateSaveBtnInManageNews')
data.setCell(12, 2, 'testscript.ManageNewsUpdateTest')
data.setCell(12, 3, 1376);
data.setCell(13, 0, 13)
data.setCell(13, 1, 'validateUpdateBtnInManageContact')
data.setCell(13, 2, 'testscript.ManageContactTest')
data.setCell(13, 3, 1360);
data.setCell(14, 0, 14)
data.setCell(14, 1, 'validateSaveBtnInManageNews')
data.setCell(14, 2, 'testscript.ManageNewsUpdateTest')
data.setCell(14, 3, 1314);
data.setCell(15, 0, 15)
data.setCell(15, 1, 'validateSaveBtnInManageNews')
data.setCell(15, 2, 'testscript.ManageNewsUpdateTest')
data.setCell(15, 3, 1280);
data.setCell(16, 0, 16)
data.setCell(16, 1, 'validateSaveBtnInManageNews')
data.setCell(16, 2, 'testscript.ManageNewsUpdateTest')
data.setCell(16, 3, 1210);
data.setCell(17, 0, 17)
data.setCell(17, 1, 'validateUpdateBtnInManageContact')
data.setCell(17, 2, 'testscript.ManageContactTest')
data.setCell(17, 3, 1080);
data.setCell(18, 0, 18)
data.setCell(18, 1, 'validateUpdatebtnInManageFooterPage')
data.setCell(18, 2, 'testscript.ManageFooterTest')
data.setCell(18, 3, 1015);
data.setCell(19, 0, 19)
data.setCell(19, 1, 'validateUpdatebtnInManageFooterPage')
data.setCell(19, 2, 'testscript.ManageFooterTest')
data.setCell(19, 3, 1014);
data.setCell(20, 0, 20)
data.setCell(20, 1, 'verifyUserisAbleToLout')
data.setCell(20, 2, 'testscript.LogOutTest')
data.setCell(20, 3, 1002);
data.setCell(21, 0, 21)
data.setCell(21, 1, 'verifyUserisAbleToLout')
data.setCell(21, 2, 'testscript.LogOutTest')
data.setCell(21, 3, 876);
data.setCell(22, 0, 22)
data.setCell(22, 1, 'verifyUserIsAbleToLoginUsingInvalidCredentials')
data.setCell(22, 2, 'testscript.LoginTest')
data.setCell(22, 3, 633);
data.setCell(23, 0, 23)
data.setCell(23, 1, 'verifyUserIsAbleToLoginUsingValidCredentials')
data.setCell(23, 2, 'testscript.LoginTest')
data.setCell(23, 3, 592);
data.setCell(24, 0, 24)
data.setCell(24, 1, 'verifyUserIsAbleToLoginUsingValidCredentials')
data.setCell(24, 2, 'testscript.LoginTest')
data.setCell(24, 3, 563);
data.setCell(25, 0, 25)
data.setCell(25, 1, 'verifyUserIsAbletoLoginUsingInvalidPassword')
data.setCell(25, 2, 'testscript.LoginTest')
data.setCell(25, 3, 531);
data.setCell(26, 0, 26)
data.setCell(26, 1, 'verifyUserisAbleToLoginWithInvalidUsername')
data.setCell(26, 2, 'testscript.LoginTest')
data.setCell(26, 3, 492);
data.setCell(27, 0, 27)
data.setCell(27, 1, 'verifyUserIsAbletoLoginUsingInvalidPassword')
data.setCell(27, 2, 'testscript.LoginTest')
data.setCell(27, 3, 452);
data.setCell(28, 0, 28)
data.setCell(28, 1, 'verifyUserIsAbleToLoginUsingInvalidCredentials')
data.setCell(28, 2, 'testscript.LoginTest')
data.setCell(28, 3, 447);
data.setCell(29, 0, 29)
data.setCell(29, 1, 'verifyUserisAbleToLoginWithInvalidUsername')
data.setCell(29, 2, 'testscript.LoginTest')
data.setCell(29, 3, 442);
data.setCell(30, 0, 30)
data.setCell(30, 1, 'verifyUserIsAbletoLoginUsingInvalidPassword')
data.setCell(30, 2, 'testscript.LoginTest')
data.setCell(30, 3, 427);
window.suiteTableData['multiBrowserTesting']= { tableData: data, tableDiv: 'times-div-multiBrowserTesting'}
return data;
}
              </script>
              <span class="suite-total-time">Total running time: 3 minutes</span>
              <div id="times-div-multiBrowserTesting">
              </div> <!-- times-div-multiBrowserTesting -->
            </div> <!-- times-div -->
          </div> <!-- main-panel-content rounded-window-bottom -->
        </div> <!-- panel -->
        <div panel-name="reporter-multiBrowserTesting" class="panel">
          <div class="main-panel-header rounded-window-top">
            <span class="header-content">Reporter output for multiBrowserTesting</span>
          </div> <!-- main-panel-header rounded-window-top -->
          <div class="main-panel-content rounded-window-bottom">
          </div> <!-- main-panel-content rounded-window-bottom -->
        </div> <!-- panel -->
        <div panel-name="ignored-methods-multiBrowserTesting" class="panel">
          <div class="main-panel-header rounded-window-top">
            <span class="header-content">0 ignored methods</span>
          </div> <!-- main-panel-header rounded-window-top -->
          <div class="main-panel-content rounded-window-bottom">
          </div> <!-- main-panel-content rounded-window-bottom -->
        </div> <!-- panel -->
        <div panel-name="chronological-multiBrowserTesting" class="panel">
          <div class="main-panel-header rounded-window-top">
            <span class="header-content">Methods in chronological order</span>
          </div> <!-- main-panel-header rounded-window-top -->
          <div class="main-panel-content rounded-window-bottom">
            <div class="chronological-class">
              <div class="chronological-class-name">testscript.ManageCategoryTest</div> <!-- chronological-class-name -->
              <div class="configuration-method before">
                <span class="method-name">browserIntialization(chrome)</span>
                <span class="method-start">0 ms</span>
              </div> <!-- configuration-method before -->
              <div class="configuration-method before">
                <span class="method-name">browserIntialization(Edge)</span>
                <span class="method-start">0 ms</span>
              </div> <!-- configuration-method before -->
              <div class="test-method">
                <span class="method-name">verifyuserIsAbleToAccessManageCategoryPage</span>
                <span class="method-start">2323 ms</span>
              </div> <!-- test-method -->
              <div class="configuration-method after">
                <span class="method-name">browserQuit([TestResult name=verifyuserIsAbleToAccessManageCategoryPage status=SUCCESS method=ManageCategoryTest...)</span>
                <span class="method-start">4913 ms</span>
              </div> <!-- configuration-method after -->
            </div> <!-- chronological-class -->
            <div class="chronological-class">
              <div class="chronological-class-name">testscript.ManageNewsUpdateTest</div> <!-- chronological-class-name -->
              <div class="configuration-method before">
                <span class="method-name">browserIntialization(chrome)</span>
                <span class="method-start">5122 ms</span>
              </div> <!-- configuration-method before -->
              <div class="test-method">
                <span class="method-name">validateSaveBtnInManageNews</span>
                <span class="method-start">6549 ms</span>
              </div> <!-- test-method -->
              <div class="configuration-method after">
                <span class="method-name">browserQuit([TestResult name=validateSaveBtnInManageNews status=SKIP method=ManageNewsUpdateTest.validateSaveBtn...)</span>
                <span class="method-start">7868 ms</span>
              </div> <!-- configuration-method after -->
              <div class="configuration-method before">
                <span class="method-name">browserIntialization(chrome)</span>
                <span class="method-start">8058 ms</span>
              </div> <!-- configuration-method before -->
              <div class="test-method">
                <span class="method-name">validateSaveBtnInManageNews</span>
                <span class="method-start">9333 ms</span>
              </div> <!-- test-method -->
              <div class="configuration-method after">
                <span class="method-name">browserQuit([TestResult name=validateSaveBtnInManageNews status=SKIP method=ManageNewsUpdateTest.validateSaveBtn...)</span>
                <span class="method-start">10818 ms</span>
              </div> <!-- configuration-method after -->
              <div class="configuration-method before">
                <span class="method-name">browserIntialization(chrome)</span>
                <span class="method-start">10987 ms</span>
              </div> <!-- configuration-method before -->
              <div class="test-method">
                <img src="failed.png">
                </img>
                <span class="method-name">validateSaveBtnInManageNews</span>
                <span class="method-start">12104 ms</span>
              </div> <!-- test-method -->
              <div class="configuration-method after">
                <span class="method-name">browserQuit([TestResult name=validateSaveBtnInManageNews status=FAILURE method=ManageNewsUpdateTest.validateSave...)</span>
                <span class="method-start">13484 ms</span>
              </div> <!-- configuration-method after -->
            </div> <!-- chronological-class -->
            <div class="chronological-class">
              <div class="chronological-class-name">testscript.ManageContactTest</div> <!-- chronological-class-name -->
              <div class="configuration-method before">
                <span class="method-name">browserIntialization(chrome)</span>
                <span class="method-start">13811 ms</span>
              </div> <!-- configuration-method before -->
              <div class="test-method">
                <span class="method-name">validateUpdateBtnInManageContact</span>
                <span class="method-start">15325 ms</span>
              </div> <!-- test-method -->
            </div> <!-- chronological-class -->
            <div class="chronological-class">
              <div class="chronological-class-name">testscript.ManageCategoryTest</div> <!-- chronological-class-name -->
              <div class="test-method">
                <span class="method-name">verifyuserIsAbleToAccessManageCategoryPage</span>
                <span class="method-start">15493 ms</span>
              </div> <!-- test-method -->
            </div> <!-- chronological-class -->
            <div class="chronological-class">
              <div class="chronological-class-name">testscript.ManageContactTest</div> <!-- chronological-class-name -->
              <div class="configuration-method after">
                <span class="method-name">browserQuit([TestResult name=validateUpdateBtnInManageContact status=SUCCESS method=ManageContactTest.validateUp...)</span>
                <span class="method-start">16686 ms</span>
              </div> <!-- configuration-method after -->
              <div class="configuration-method before">
                <span class="method-name">browserIntialization(chrome)</span>
                <span class="method-start">16849 ms</span>
              </div> <!-- configuration-method before -->
            </div> <!-- chronological-class -->
            <div class="chronological-class">
              <div class="chronological-class-name">testscript.ManageCategoryTest</div> <!-- chronological-class-name -->
              <div class="configuration-method after">
                <span class="method-name">browserQuit([TestResult name=verifyuserIsAbleToAccessManageCategoryPage status=SUCCESS method=ManageCategoryTest...)</span>
                <span class="method-start">17594 ms</span>
              </div> <!-- configuration-method after -->
            </div> <!-- chronological-class -->
            <div class="chronological-class">
              <div class="chronological-class-name">testscript.ManageNewsUpdateTest</div> <!-- chronological-class-name -->
              <div class="configuration-method before">
                <span class="method-name">browserIntialization(Edge)</span>
                <span class="method-start">17882 ms</span>
              </div> <!-- configuration-method before -->
            </div> <!-- chronological-class -->
            <div class="chronological-class">
              <div class="chronological-class-name">testscript.ManageContactTest</div> <!-- chronological-class-name -->
              <div class="test-method">
                <span class="method-name">verifyUserisAbleToAccessManageContactPage</span>
                <span class="method-start">18245 ms</span>
              </div> <!-- test-method -->
              <div class="configuration-method after">
                <span class="method-name">browserQuit([TestResult name=verifyUserisAbleToAccessManageContactPage status=SUCCESS method=ManageContactTest.v...)</span>
                <span class="method-start">20760 ms</span>
              </div> <!-- configuration-method after -->
            </div> <!-- chronological-class -->
            <div class="chronological-class">
              <div class="chronological-class-name">testscript.ManageNewsTest</div> <!-- chronological-class-name -->
              <div class="configuration-method before">
                <span class="method-name">browserIntialization(chrome)</span>
                <span class="method-start">20940 ms</span>
              </div> <!-- configuration-method before -->
              <div class="test-method">
                <span class="method-name">verifyUserisAbleToAccessManageNewsPage</span>
                <span class="method-start">22186 ms</span>
              </div> <!-- test-method -->
              <div class="configuration-method after">
                <span class="method-name">browserQuit([TestResult name=verifyUserisAbleToAccessManageNewsPage status=SUCCESS method=ManageNewsTest.verifyU...)</span>
                <span class="method-start">23740 ms</span>
              </div> <!-- configuration-method after -->
            </div> <!-- chronological-class -->
            <div class="chronological-class">
              <div class="chronological-class-name">testscript.LogOutTest</div> <!-- chronological-class-name -->
              <div class="configuration-method before">
                <span class="method-name">browserIntialization(chrome)</span>
                <span class="method-start">23888 ms</span>
              </div> <!-- configuration-method before -->
              <div class="test-method">
                <span class="method-name">verifyUserisAbleToLout</span>
                <span class="method-start">25116 ms</span>
              </div> <!-- test-method -->
              <div class="configuration-method after">
                <span class="method-name">browserQuit([TestResult name=verifyUserisAbleToLout status=SUCCESS method=LogOutTest.verifyUserisAbleToLout()[pr...)</span>
                <span class="method-start">26120 ms</span>
              </div> <!-- configuration-method after -->
            </div> <!-- chronological-class -->
            <div class="chronological-class">
              <div class="chronological-class-name">testscript.ManageFooterTest</div> <!-- chronological-class-name -->
              <div class="configuration-method before">
                <span class="method-name">browserIntialization(chrome)</span>
                <span class="method-start">26322 ms</span>
              </div> <!-- configuration-method before -->
              <div class="test-method">
                <span class="method-name">validateUpdatebtnInManageFooterPage</span>
                <span class="method-start">27914 ms</span>
              </div> <!-- test-method -->
              <div class="configuration-method after">
                <span class="method-name">browserQuit([TestResult name=validateUpdatebtnInManageFooterPage status=SUCCESS method=ManageFooterTest.validate...)</span>
                <span class="method-start">28929 ms</span>
              </div> <!-- configuration-method after -->
              <div class="configuration-method before">
                <span class="method-name">browserIntialization(chrome)</span>
                <span class="method-start">29116 ms</span>
              </div> <!-- configuration-method before -->
              <div class="test-method">
                <span class="method-name">verifyUserIsAbletoAccessManageFooterPage</span>
                <span class="method-start">30498 ms</span>
              </div> <!-- test-method -->
              <div class="configuration-method after">
                <span class="method-name">browserQuit([TestResult name=verifyUserIsAbletoAccessManageFooterPage status=SUCCESS method=ManageFooterTest.ver...)</span>
                <span class="method-start">32674 ms</span>
              </div> <!-- configuration-method after -->
            </div> <!-- chronological-class -->
            <div class="chronological-class">
              <div class="chronological-class-name">testscript.ManageNewsUpdateTest</div> <!-- chronological-class-name -->
              <div class="test-method">
                <span class="method-name">validateSaveBtnInManageNews</span>
                <span class="method-start">32770 ms</span>
              </div> <!-- test-method -->
            </div> <!-- chronological-class -->
            <div class="chronological-class">
              <div class="chronological-class-name">testscript.LoginTest</div> <!-- chronological-class-name -->
              <div class="configuration-method before">
                <span class="method-name">browserIntialization(chrome)</span>
                <span class="method-start">33003 ms</span>
              </div> <!-- configuration-method before -->
              <div class="test-method">
                <span class="method-name">verifyUserIsAbleToLoginUsingInvalidCredentials</span>
                <span class="method-start">34319 ms</span>
              </div> <!-- test-method -->
            </div> <!-- chronological-class -->
            <div class="chronological-class">
              <div class="chronological-class-name">testscript.ManageNewsUpdateTest</div> <!-- chronological-class-name -->
              <div class="configuration-method after">
                <span class="method-name">browserQuit([TestResult name=validateSaveBtnInManageNews status=SKIP method=ManageNewsUpdateTest.validateSaveBtn...)</span>
                <span class="method-start">34513 ms</span>
              </div> <!-- configuration-method after -->
              <div class="configuration-method before">
                <span class="method-name">browserIntialization(Edge)</span>
                <span class="method-start">34730 ms</span>
              </div> <!-- configuration-method before -->
            </div> <!-- chronological-class -->
            <div class="chronological-class">
              <div class="chronological-class-name">testscript.LoginTest</div> <!-- chronological-class-name -->
              <div class="configuration-method after">
                <span class="method-name">browserQuit([TestResult name=verifyUserIsAbleToLoginUsingInvalidCredentials status=SUCCESS method=LoginTest.veri...)</span>
                <span class="method-start">34953 ms</span>
              </div> <!-- configuration-method after -->
              <div class="configuration-method before">
                <span class="method-name">browserIntialization(chrome)</span>
                <span class="method-start">35137 ms</span>
              </div> <!-- configuration-method before -->
              <div class="test-method">
                <span class="method-name">verifyUserIsAbleToLoginUsingValidCredentials</span>
                <span class="method-start">36590 ms</span>
              </div> <!-- test-method -->
              <div class="configuration-method after">
                <span class="method-name">browserQuit([TestResult name=verifyUserIsAbleToLoginUsingValidCredentials status=SUCCESS method=LoginTest.verify...)</span>
                <span class="method-start">37185 ms</span>
              </div> <!-- configuration-method after -->
              <div class="configuration-method before">
                <span class="method-name">browserIntialization(chrome)</span>
                <span class="method-start">37341 ms</span>
              </div> <!-- configuration-method before -->
              <div class="test-method">
                <span class="method-name">verifyUserIsAbletoLoginUsingInvalidPassword</span>
                <span class="method-start">38627 ms</span>
              </div> <!-- test-method -->
              <div class="configuration-method after">
                <span class="method-name">browserQuit([TestResult name=verifyUserIsAbletoLoginUsingInvalidPassword status=SUCCESS method=LoginTest.verifyU...)</span>
                <span class="method-start">39158 ms</span>
              </div> <!-- configuration-method after -->
              <div class="configuration-method before">
                <span class="method-name">browserIntialization(chrome)</span>
                <span class="method-start">39306 ms</span>
              </div> <!-- configuration-method before -->
              <div class="test-method">
                <span class="method-name">verifyUserisAbleToLoginWithInvalidUsername</span>
                <span class="method-start">40519 ms</span>
              </div> <!-- test-method -->
              <div class="configuration-method after">
                <span class="method-name">browserQuit([TestResult name=verifyUserisAbleToLoginWithInvalidUsername status=SUCCESS method=LoginTest.verifyUs...)</span>
                <span class="method-start">41012 ms</span>
              </div> <!-- configuration-method after -->
            </div> <!-- chronological-class -->
            <div class="chronological-class">
              <div class="chronological-class-name">testscript.AdminUserTest</div> <!-- chronological-class-name -->
              <div class="configuration-method before">
                <span class="method-name">browserIntialization(chrome)</span>
                <span class="method-start">41209 ms</span>
              </div> <!-- configuration-method before -->
              <div class="test-method">
                <span class="method-name">verifyUserIsAbletoClickAdminUser</span>
                <span class="method-start">42539 ms</span>
              </div> <!-- test-method -->
              <div class="configuration-method after">
                <span class="method-name">browserQuit([TestResult name=verifyUserIsAbletoClickAdminUser status=SUCCESS method=AdminUserTest.verifyUserIsAb...)</span>
                <span class="method-start">44574 ms</span>
              </div> <!-- configuration-method after -->
            </div> <!-- chronological-class -->
            <div class="chronological-class">
              <div class="chronological-class-name">testscript.ManageNewsUpdateTest</div> <!-- chronological-class-name -->
              <div class="test-method">
                <span class="method-name">validateSaveBtnInManageNews</span>
                <span class="method-start">46072 ms</span>
              </div> <!-- test-method -->
              <div class="configuration-method after">
                <span class="method-name">browserQuit([TestResult name=validateSaveBtnInManageNews status=SKIP method=ManageNewsUpdateTest.validateSaveBtn...)</span>
                <span class="method-start">47353 ms</span>
              </div> <!-- configuration-method after -->
              <div class="configuration-method before">
                <span class="method-name">browserIntialization(Edge)</span>
                <span class="method-start">47545 ms</span>
              </div> <!-- configuration-method before -->
              <div class="test-method">
                <img src="failed.png">
                </img>
                <span class="method-name">validateSaveBtnInManageNews</span>
                <span class="method-start">60492 ms</span>
              </div> <!-- test-method -->
              <div class="configuration-method after">
                <span class="method-name">browserQuit([TestResult name=validateSaveBtnInManageNews status=FAILURE method=ManageNewsUpdateTest.validateSave...)</span>
                <span class="method-start">61703 ms</span>
              </div> <!-- configuration-method after -->
            </div> <!-- chronological-class -->
            <div class="chronological-class">
              <div class="chronological-class-name">testscript.ManageContactTest</div> <!-- chronological-class-name -->
              <div class="configuration-method before">
                <span class="method-name">browserIntialization(Edge)</span>
                <span class="method-start">62029 ms</span>
              </div> <!-- configuration-method before -->
              <div class="test-method">
                <span class="method-name">validateUpdateBtnInManageContact</span>
                <span class="method-start">74645 ms</span>
              </div> <!-- test-method -->
              <div class="configuration-method after">
                <span class="method-name">browserQuit([TestResult name=validateUpdateBtnInManageContact status=SUCCESS method=ManageContactTest.validateUp...)</span>
                <span class="method-start">75725 ms</span>
              </div> <!-- configuration-method after -->
              <div class="configuration-method before">
                <span class="method-name">browserIntialization(Edge)</span>
                <span class="method-start">75934 ms</span>
              </div> <!-- configuration-method before -->
              <div class="test-method">
                <span class="method-name">verifyUserisAbleToAccessManageContactPage</span>
                <span class="method-start">87435 ms</span>
              </div> <!-- test-method -->
              <div class="configuration-method after">
                <span class="method-name">browserQuit([TestResult name=verifyUserisAbleToAccessManageContactPage status=SUCCESS method=ManageContactTest.v...)</span>
                <span class="method-start">89818 ms</span>
              </div> <!-- configuration-method after -->
            </div> <!-- chronological-class -->
            <div class="chronological-class">
              <div class="chronological-class-name">testscript.ManageNewsTest</div> <!-- chronological-class-name -->
              <div class="configuration-method before">
                <span class="method-name">browserIntialization(Edge)</span>
                <span class="method-start">90017 ms</span>
              </div> <!-- configuration-method before -->
              <div class="test-method">
                <span class="method-name">verifyUserisAbleToAccessManageNewsPage</span>
                <span class="method-start">101844 ms</span>
              </div> <!-- test-method -->
              <div class="configuration-method after">
                <span class="method-name">browserQuit([TestResult name=verifyUserisAbleToAccessManageNewsPage status=SUCCESS method=ManageNewsTest.verifyU...)</span>
                <span class="method-start">103300 ms</span>
              </div> <!-- configuration-method after -->
            </div> <!-- chronological-class -->
            <div class="chronological-class">
              <div class="chronological-class-name">testscript.LogOutTest</div> <!-- chronological-class-name -->
              <div class="configuration-method before">
                <span class="method-name">browserIntialization(Edge)</span>
                <span class="method-start">103494 ms</span>
              </div> <!-- configuration-method before -->
              <div class="test-method">
                <span class="method-name">verifyUserisAbleToLout</span>
                <span class="method-start">115889 ms</span>
              </div> <!-- test-method -->
              <div class="configuration-method after">
                <span class="method-name">browserQuit([TestResult name=verifyUserisAbleToLout status=SUCCESS method=LogOutTest.verifyUserisAbleToLout()[pr...)</span>
                <span class="method-start">116766 ms</span>
              </div> <!-- configuration-method after -->
            </div> <!-- chronological-class -->
            <div class="chronological-class">
              <div class="chronological-class-name">testscript.ManageFooterTest</div> <!-- chronological-class-name -->
              <div class="configuration-method before">
                <span class="method-name">browserIntialization(Edge)</span>
                <span class="method-start">116959 ms</span>
              </div> <!-- configuration-method before -->
              <div class="test-method">
                <span class="method-name">validateUpdatebtnInManageFooterPage</span>
                <span class="method-start">128485 ms</span>
              </div> <!-- test-method -->
              <div class="configuration-method after">
                <span class="method-name">browserQuit([TestResult name=validateUpdatebtnInManageFooterPage status=SUCCESS method=ManageFooterTest.validate...)</span>
                <span class="method-start">129500 ms</span>
              </div> <!-- configuration-method after -->
              <div class="configuration-method before">
                <span class="method-name">browserIntialization(Edge)</span>
                <span class="method-start">129690 ms</span>
              </div> <!-- configuration-method before -->
              <div class="test-method">
                <span class="method-name">verifyUserIsAbletoAccessManageFooterPage</span>
                <span class="method-start">143294 ms</span>
              </div> <!-- test-method -->
              <div class="configuration-method after">
                <span class="method-name">browserQuit([TestResult name=verifyUserIsAbletoAccessManageFooterPage status=SUCCESS method=ManageFooterTest.ver...)</span>
                <span class="method-start">145295 ms</span>
              </div> <!-- configuration-method after -->
            </div> <!-- chronological-class -->
            <div class="chronological-class">
              <div class="chronological-class-name">testscript.LoginTest</div> <!-- chronological-class-name -->
              <div class="configuration-method before">
                <span class="method-name">browserIntialization(Edge)</span>
                <span class="method-start">145505 ms</span>
              </div> <!-- configuration-method before -->
              <div class="test-method">
                <span class="method-name">verifyUserIsAbleToLoginUsingInvalidCredentials</span>
                <span class="method-start">159070 ms</span>
              </div> <!-- test-method -->
              <div class="configuration-method after">
                <span class="method-name">browserQuit([TestResult name=verifyUserIsAbleToLoginUsingInvalidCredentials status=SUCCESS method=LoginTest.veri...)</span>
                <span class="method-start">159518 ms</span>
              </div> <!-- configuration-method after -->
              <div class="configuration-method before">
                <span class="method-name">browserIntialization(Edge)</span>
                <span class="method-start">159697 ms</span>
              </div> <!-- configuration-method before -->
              <div class="test-method">
                <span class="method-name">verifyUserIsAbleToLoginUsingValidCredentials</span>
                <span class="method-start">171991 ms</span>
              </div> <!-- test-method -->
              <div class="configuration-method after">
                <span class="method-name">browserQuit([TestResult name=verifyUserIsAbleToLoginUsingValidCredentials status=SUCCESS method=LoginTest.verify...)</span>
                <span class="method-start">172555 ms</span>
              </div> <!-- configuration-method after -->
              <div class="configuration-method before">
                <span class="method-name">browserIntialization(Edge)</span>
                <span class="method-start">172739 ms</span>
              </div> <!-- configuration-method before -->
              <div class="test-method">
                <span class="method-name">verifyUserIsAbletoLoginUsingInvalidPassword</span>
                <span class="method-start">182425 ms</span>
              </div> <!-- test-method -->
              <div class="configuration-method after">
                <span class="method-name">browserQuit([TestResult name=verifyUserIsAbletoLoginUsingInvalidPassword status=SKIP method=LoginTest.verifyUser...)</span>
                <span class="method-start">182853 ms</span>
              </div> <!-- configuration-method after -->
              <div class="configuration-method before">
                <span class="method-name">browserIntialization(Edge)</span>
                <span class="method-start">183008 ms</span>
              </div> <!-- configuration-method before -->
              <div class="test-method">
                <span class="method-name">verifyUserIsAbletoLoginUsingInvalidPassword</span>
                <span class="method-start">192734 ms</span>
              </div> <!-- test-method -->
              <div class="configuration-method after">
                <span class="method-name">browserQuit([TestResult name=verifyUserIsAbletoLoginUsingInvalidPassword status=SUCCESS method=LoginTest.verifyU...)</span>
                <span class="method-start">193187 ms</span>
              </div> <!-- configuration-method after -->
              <div class="configuration-method before">
                <span class="method-name">browserIntialization(Edge)</span>
                <span class="method-start">193338 ms</span>
              </div> <!-- configuration-method before -->
              <div class="test-method">
                <span class="method-name">verifyUserisAbleToLoginWithInvalidUsername</span>
                <span class="method-start">205530 ms</span>
              </div> <!-- test-method -->
              <div class="configuration-method after">
                <span class="method-name">browserQuit([TestResult name=verifyUserisAbleToLoginWithInvalidUsername status=SUCCESS method=LoginTest.verifyUs...)</span>
                <span class="method-start">205973 ms</span>
              </div> <!-- configuration-method after -->
            </div> <!-- chronological-class -->
            <div class="chronological-class">
              <div class="chronological-class-name">testscript.AdminUserTest</div> <!-- chronological-class-name -->
              <div class="configuration-method before">
                <span class="method-name">browserIntialization(Edge)</span>
                <span class="method-start">206174 ms</span>
              </div> <!-- configuration-method before -->
              <div class="test-method">
                <span class="method-name">verifyUserIsAbletoClickAdminUser</span>
                <span class="method-start">218157 ms</span>
              </div> <!-- test-method -->
              <div class="configuration-method after">
                <span class="method-name">browserQuit([TestResult name=verifyUserIsAbletoClickAdminUser status=SUCCESS method=AdminUserTest.verifyUserIsAb...)</span>
                <span class="method-start">219827 ms</span>
              </div> <!-- configuration-method after -->
          </div> <!-- main-panel-content rounded-window-bottom -->
        </div> <!-- panel -->
      </div> <!-- main-panel-root -->
    </div> <!-- wrapper -->
  </body>
<script type="text/javascript" src="testng-reports2.js"></script>
</html>
