<?xml version="1.0" encoding="UTF-8"?>
<!-- Generated by org.testng.reporters.JUnitXMLReporter -->
<testsuite ignored="0" hostname="DESKTOP-JCNBK9Q" failures="1" tests="16" name="ChromeTest" time="41.231" errors="0" timestamp="2025-09-11T08:32:27 IST">
  <testcase classname="testscript.ManageCategoryTest" name="verifyuserIsAbleToAccessManageCategoryPage" time="2.652"/>
  <testcase classname="testscript.ManageNewsUpdateTest" name="validateSaveBtnInManageNews" time="1.374">
    <skipped/>
  </testcase> <!-- validateSaveBtnInManageNews -->
  <testcase classname="testscript.ManageNewsUpdateTest" name="validateSaveBtnInManageNews" time="1.352">
    <skipped/>
  </testcase> <!-- validateSaveBtnInManageNews -->
  <testcase classname="testscript.ManageNewsUpdateTest" name="validateSaveBtnInManageNews" time="1.382">
    <failure type="org.openqa.selenium.NoSuchElementException" message="no such element: Unable to locate element: {&amp;quot;method&amp;quot;:&amp;quot;xpath&amp;quot;,&amp;quot;selector&amp;quot;:&amp;quot;//textarea[@id=&amp;apos;news&amp;apos;]&amp;quot;}
  (Session info: chrome=140.0.7339.81)
For documentation on this error, please visit: https://www.selenium.dev/documentation/webdriver/troubleshooting/errors#no-such-element-exception
Build info: version: &amp;apos;4.33.0&amp;apos;, revision: &amp;apos;2c6aaad03a&amp;apos;
System info: os.name: &amp;apos;Windows 11&amp;apos;, os.arch: &amp;apos;amd64&amp;apos;, os.version: &amp;apos;10.0&amp;apos;, java.version: &amp;apos;23.0.2&amp;apos;
Driver info: org.openqa.selenium.chrome.ChromeDriver
Command: [a6670fd79e39ca23b95b3af6d60c92fe, findElement {value=//textarea[@id=&amp;apos;news&amp;apos;], using=xpath}]
Capabilities {acceptInsecureCerts: false, browserName: chrome, browserVersion: 140.0.7339.81, chrome: {chromedriverVersion: 140.0.7339.82 (bc93617e21c3..., userDataDir: C:\Users\user\AppData\Local...}, fedcm:accounts: true, goog:chromeOptions: {debuggerAddress: localhost:61794}, networkConnectionEnabled: false, pageLoadStrategy: normal, platformName: windows, proxy: Proxy(), se:cdp: ws://localhost:61794/devtoo..., se:cdpVersion: 140.0.7339.81, setWindowRect: true, strictFileInteractability: false, timeouts: {implicit: 0, pageLoad: 300000, script: 30000}, unhandledPromptBehavior: dismiss and notify, webauthn:extension:credBlob: true, webauthn:extension:largeBlob: true, webauthn:extension:minPinLength: true, webauthn:extension:prf: true, webauthn:virtualAuthenticators: true}
Session ID: a6670fd79e39ca23b95b3af6d60c92fe">
      <![CDATA[org.openqa.selenium.NoSuchElementException: no such element: Unable to locate element: {"method":"xpath","selector":"//textarea[@id='news']"}
  (Session info: chrome=140.0.7339.81)
For documentation on this error, please visit: https://www.selenium.dev/documentation/webdriver/troubleshooting/errors#no-such-element-exception
Build info: version: '4.33.0', revision: '2c6aaad03a'
System info: os.name: 'Windows 11', os.arch: 'amd64', os.version: '10.0', java.version: '23.0.2'
Driver info: org.openqa.selenium.chrome.ChromeDriver
Command: [a6670fd79e39ca23b95b3af6d60c92fe, findElement {value=//textarea[@id='news'], using=xpath}]
Capabilities {acceptInsecureCerts: false, browserName: chrome, browserVersion: 140.0.7339.81, chrome: {chromedriverVersion: 140.0.7339.82 (bc93617e21c3..., userDataDir: C:\Users\user\AppData\Local...}, fedcm:accounts: true, goog:chromeOptions: {debuggerAddress: localhost:61794}, networkConnectionEnabled: false, pageLoadStrategy: normal, platformName: windows, proxy: Proxy(), se:cdp: ws://localhost:61794/devtoo..., se:cdpVersion: 140.0.7339.81, setWindowRect: true, strictFileInteractability: false, timeouts: {implicit: 0, pageLoad: 300000, script: 30000}, unhandledPromptBehavior: dismiss and notify, webauthn:extension:credBlob: true, webauthn:extension:largeBlob: true, webauthn:extension:minPinLength: true, webauthn:extension:prf: true, webauthn:virtualAuthenticators: true}
Session ID: a6670fd79e39ca23b95b3af6d60c92fe
at org.openqa.selenium.remote.ErrorCodec.decode(ErrorCodec.java:167)
at org.openqa.selenium.remote.codec.w3c.W3CHttpResponseCodec.decode(W3CHttpResponseCodec.java:138)
at org.openqa.selenium.remote.codec.w3c.W3CHttpResponseCodec.decode(W3CHttpResponseCodec.java:50)
at org.openqa.selenium.remote.HttpCommandExecutor.execute(HttpCommandExecutor.java:215)
at org.openqa.selenium.remote.service.DriverCommandExecutor.invokeExecute(DriverCommandExecutor.java:216)
at org.openqa.selenium.remote.service.DriverCommandExecutor.execute(DriverCommandExecutor.java:174)
at org.openqa.selenium.remote.RemoteWebDriver.execute(RemoteWebDriver.java:544)
at org.openqa.selenium.remote.ElementLocation$ElementFinder$2.findElement(ElementLocation.java:165)
at org.openqa.selenium.remote.ElementLocation.findElement(ElementLocation.java:59)
at org.openqa.selenium.remote.RemoteWebDriver.findElement(RemoteWebDriver.java:367)
at org.openqa.selenium.remote.RemoteWebDriver.findElement(RemoteWebDriver.java:361)
at org.openqa.selenium.support.pagefactory.DefaultElementLocator.findElement(DefaultElementLocator.java:68)
at org.openqa.selenium.support.pagefactory.internal.LocatingElementHandler.invoke(LocatingElementHandler.java:38)
at jdk.proxy2/jdk.proxy2.$Proxy13.clear(Unknown Source)
at pages.ManageNewsUpdatePage.enterTextMsg(ManageNewsUpdatePage.java:95)
at testscript.ManageNewsUpdateTest.validateSaveBtnInManageNews(ManageNewsUpdateTest.java:32)
at java.base/java.util.ArrayList.forEach(ArrayList.java:1597)
... Removed 28 stack frames]]>
    </failure>
  </testcase> <!-- validateSaveBtnInManageNews -->
  <testcase classname="testscript.ManageContactTest" name="validateUpdateBtnInManageContact" time="1.09"/>
  <testcase classname="testscript.ManageContactTest" name="verifyUserisAbleToAccessManageContactPage" time="2.302"/>
  <testcase classname="testscript.ManageNewsTest" name="verifyUserisAbleToAccessManageNewsPage" time="1.557"/>
  <testcase classname="testscript.LogOutTest" name="verifyUserisAbleToLout" time="0.914"/>
  <testcase classname="testscript.ManageFooterTest" name="validateUpdatebtnInManageFooterPage" time="1.083"/>
  <testcase classname="testscript.ManageFooterTest" name="verifyUserIsAbletoAccessManageFooterPage" time="1.669"/>
  <testcase classname="testscript.LoginTest" name="verifyUserIsAbleToLoginUsingInvalidCredentials" time="0.5"/>
  <testcase classname="testscript.LoginTest" name="verifyUserIsAbleToLoginUsingValidCredentials" time="0.602"/>
  <testcase classname="testscript.LoginTest" name="verifyUserIsAbletoLoginUsingInvalidPassword" time="0.458"/>
  <testcase classname="testscript.LoginTest" name="verifyUserisAbleToLoginWithInvalidUsername" time="0.412">
    <skipped/>
  </testcase> <!-- verifyUserisAbleToLoginWithInvalidUsername -->
  <testcase classname="testscript.LoginTest" name="verifyUserisAbleToLoginWithInvalidUsername" time="0.49"/>
  <testcase classname="testscript.AdminUserTest" name="verifyUserIsAbletoClickAdminUser" time="1.86"/>
</testsuite> <!-- ChromeTest -->
